Vertex data: 
POSITION - TEXTURE - NORMALS
0.989257, 1.39833, -2.55164 | 0.311864, 0.751165 | 0.9948, 0.0168, 0.1005 
0.989244, 1.40981, -2.54894 | 0.311542, 0.751974 | 0.9919, -0.0762, 0.1015 
0.989244, 1.41172, -2.55157 | 0.311303, 0.751978 | 1, 0.0009, 0.0007 
0.989244, 1.41172, -2.55157 | 0.311303, 0.751978 | 1, 0.0007, 0.0003 
0.989257, 1.3978, -2.55495 | 0.311688, 0.750993 | 1, 0.0009, -0.0001 
0.989244, 1.40981, -2.54894 | 0.311542, 0.751974 | 0.9919, -0.0762, 0.1016 
0.989232, 1.41924, -2.53939 | 0.311716, 0.752951 | 1, 0.0002, 0.0005 
0.989244, 1.41172, -2.55157 | 0.311303, 0.751978 | 1, 0.0008, 0.0006 
1.08187, 1.39833, -2.55164 | 0.749651, 0.395105 | -0.9948, 0.0156, 0.1006 
1.08188, 1.38788, -2.5442 | 0.750543, 0.395423 | -0.9945, 0.0843, 0.0618 
1.08188, 1.38525, -2.54611 | 0.750539, 0.395663 | -1, -0.0001, 0.0002 
1.08187, 1.39833, -2.55164 | 0.749651, 0.395105 | -0.9948, 0.0155, 0.1004 
1.08188, 1.38525, -2.54611 | 0.750539, 0.395663 | -1, -0, -0.0001 
1.08187, 1.3978, -2.55495 | 0.749473, 0.395277 | -1, -0.0003, 0.0001 
1.08188, 1.38788, -2.5442 | 0.750543, 0.395423 | -0.9945, 0.0845, 0.0613 
1.08187, 1.38404, -2.53197 | 0.751447, 0.395137 | -0.9948, 0.1003, -0.0163 
1.08187, 1.38074, -2.53144 | 0.751619, 0.395315 | -1, -0.0001, -0.0005 
0.989257, 1.38405, -2.53197 | 0.313645, 0.751139 | 0.9948, 0.1008, -0.0151 
0.989261, 1.38525, -2.54611 | 0.312747, 0.75061 | 1, 0.0001, -0 
0.989257, 1.38074, -2.53144 | 0.313816, 0.750961 | 1, 0, 0.0003 
0.989261, 1.38789, -2.5442 | 0.31275, 0.75085 | 0.9945, 0.0848, 0.0616 
0.989257, 1.39833, -2.55164 | 0.311864, 0.751165 | 0.9948, 0.0163, 0.1006 
0.989257, 1.3978, -2.55495 | 0.311688, 0.750993 | 1, 0.0004, -0.0001 
0.989257, 1.3978, -2.55495 | 0.311688, 0.750993 | 1, 0.0002, -0.0003 
0.989261, 1.38525, -2.54611 | 0.312747, 0.75061 | 1, 0.0002, -0.0003 
0.989232, 1.40165, -2.51919 | 0.313668, 0.752747 | 0.9897, -0.0276, -0.1406 
0.989244, 1.39017, -2.52189 | 0.313991, 0.751938 | 0.9919, 0.073, -0.1039 
0.989244, 1.38826, -2.51925 | 0.314229, 0.751934 | 1, 0.0007, 0.0005 
0.989244, 1.38826, -2.51925 | 0.314229, 0.751934 | 1, 0.0007, 0.0004 
0.989232, 1.40217, -2.51588 | 0.313844, 0.752919 | 1, 0.0006, -0 
0.989257, 1.38074, -2.53144 | 0.313816, 0.750961 | 1, 0.0002, 0.0005 
0.989244, 1.38826, -2.51925 | 0.314229, 0.751934 | 1, 0.0008, 0.0005 
1.08185, 1.40164, -2.51919 | 0.751477, 0.393529 | -0.9896, -0.0289, -0.1407 
1.08185, 1.41472, -2.52472 | 0.750589, 0.392971 | -1, -0, -0.0001 
1.08185, 1.40217, -2.51588 | 0.751656, 0.393358 | -1, -0.0003, 0.0001 
1.08185, 1.41209, -2.52663 | 0.750585, 0.393212 | -0.9852, -0.1389, -0.1008 
1.08185, 1.41593, -2.53886 | 0.749681, 0.393497 | -0.9896, -0.1427, 0.0161 
1.08185, 1.41923, -2.53939 | 0.749509, 0.393319 | -1, -0.0001, -0.0004 
0.989232, 1.41593, -2.53886 | 0.311887, 0.752773 | 0.9897, -0.1422, 0.0173 
0.989227, 1.41209, -2.52663 | 0.312782, 0.753062 | 0.9852, -0.1388, -0.1003 
0.989227, 1.41472, -2.52472 | 0.312786, 0.753302 | 1, 0, 0.0001 
0.989227, 1.41472, -2.52472 | 0.312786, 0.753302 | 1, 0.0001, -0.0001 
0.989232, 1.41924, -2.53939 | 0.311716, 0.752951 | 1, 0.0003, 0.0006 
0.989227, 1.41209, -2.52663 | 0.312782, 0.753062 | 0.9852, -0.1386, -0.1007 
0.989232, 1.40165, -2.51919 | 0.313668, 0.752747 | 0.9897, -0.0275, -0.1406 
0.989232, 1.40217, -2.51588 | 0.313844, 0.752919 | 1, 0.0007, 0.0001 
1.08186, 1.39017, -2.52189 | 0.751799, 0.394339 | -0.9919, 0.0714, -0.105 
1.08186, 1.38825, -2.51926 | 0.75204, 0.394344 | -1, -0.001, -0.0007 
1.08185, 1.40217, -2.51588 | 0.751656, 0.393358 | -1, -0.0005, -0 
1.08186, 1.38825, -2.51926 | 0.75204, 0.394344 | -1, -0.0008, -0.0006 
1.08186, 1.40981, -2.54894 | 0.749329, 0.394295 | -0.9919, -0.0778, 0.1004 
1.08186, 1.41172, -2.55158 | 0.749089, 0.394291 | -1, -0.0007, -0.0005 
1.08185, 1.41593, -2.53886 | 0.749681, 0.393497 | -0.9896, -0.1428, 0.0161 
1.08186, 1.41172, -2.55158 | 0.749089, 0.394291 | -1, -0.0005, -0.0006 
1.08185, 1.41923, -2.53939 | 0.749509, 0.393319 | -1, -0.0002, -0.001 
1.08186, 1.40981, -2.54894 | 0.749329, 0.394295 | -0.9919, -0.0777, 0.1005 
1.08187, 1.3978, -2.55495 | 0.749473, 0.395277 | -1, -0.0006, -0.0001 
1.08186, 1.41172, -2.55158 | 0.749089, 0.394291 | -1, -0.0008, -0.0005 
0.994976, 1.40682, -2.46107 | 0.997609, 0.197486 | 0.0085, -0.8487, -0.5287 
0.994925, 1.39307, -2.44172 | 0.999358, 0.197482 | 0.0023, -0.8162, -0.5777 
1.03553, 1.39307, -2.44172 | 0.999358, 0.200485 | -0, -0.8151, -0.5794 
1.07613, 1.32707, -2.51897 | 0.997254, 0.310656 | -0.0085, 0.7622, 0.6473 
1.07618, 1.31283, -2.49998 | 0.999003, 0.310652 | -0.0023, 0.7989, 0.6015 
1.03558, 1.31283, -2.49997 | 0.999003, 0.313654 | -0, 0.8001, 0.5998 
0.934049, 1.38056, -2.53713 | 0.070805, 0.93171 | 0.7277, 0.2945, -0.6195 
0.930868, 1.38822, -2.54396 | 0.071509, 0.931556 | 0.983, -0.1483, -0.1083 
0.928987, 1.34488, -2.57542 | 0.071442, 0.935515 | 0.9993, 0.0304, 0.0222 
0.932187, 1.339, -2.5673 | 0.070739, 0.935507 | 0.7542, 0.408, -0.5145 
0.934049, 1.39234, -2.55336 | 0.072274, 0.931727 | 0.7277, -0.4978, 0.4719 
0.932187, 1.35079, -2.58352 | 0.072209, 0.935524 | 0.7542, -0.3628, 0.5473 
0.938115, 1.30726, -2.61512 | 0.07222, 0.939503 | 0.7219, -0.1868, 0.6663 
0.935382, 1.29951, -2.60836 | 0.071456, 0.939663 | 0.9422, 0.2711, 0.1968 
0.938115, 1.29548, -2.5989 | 0.070751, 0.939486 | 0.7219, 0.5758, -0.3839 
1.08096, 1.29268, -2.62571 | 0.968355, 0.098996 | 0.112, -0.9744, 0.195 
1.10751, 1.29897, -2.62115 | 0.96893, 0.100959 | 0.4172, -0.8443, 0.3362 
1.11188, 1.29368, -2.62963 | 0.968245, 0.10128 | -0.0705, -0.5394, 0.8391 
1.08242, 1.28662, -2.63476 | 0.967599, 0.099102 | -0.0056, -0.5666, 0.824 
1.11869, 1.31718, -2.60793 | 0.970594, 0.101786 | 0.6943, -0.5616, 0.4501 
1.12598, 1.31443, -2.61457 | 0.970141, 0.102323 | -0.0547, -0.5866, 0.808 
1.13327, 1.30726, -2.61512 | 0.969688, 0.102864 | -0.7219, -0.1868, 0.6663 
1.11626, 1.28397, -2.63203 | 0.967559, 0.101606 | -0.4618, 0.0804, 0.8833 
1.08388, 1.27614, -2.63772 | 0.966843, 0.099212 | -0.1216, 0.1601, 0.9796 
1.13327, 1.29548, -2.5989 | 0.213859, 0.890093 | -0.7219, 0.5757, -0.3839 
1.136, 1.29951, -2.60836 | 0.214591, 0.889916 | -0.9422, 0.271, 0.1968 
1.14239, 1.34488, -2.57542 | 0.214586, 0.894052 | -0.9993, 0.0299, 0.022 
1.13919, 1.339, -2.5673 | 0.213855, 0.894061 | -0.7542, 0.4077, -0.5147 
1.13327, 1.30726, -2.61512 | 0.215341, 0.890087 | -0.7219, -0.1868, 0.6663 
1.13919, 1.35079, -2.58352 | 0.215337, 0.894055 | -0.7542, -0.3631, 0.5471 
1.13728, 1.39234, -2.55336 | 0.215357, 0.897854 | -0.7274, -0.4993, 0.4708 
1.14047, 1.38822, -2.54396 | 0.214607, 0.898015 | -0.9825, -0.1508, -0.1093 
1.13728, 1.38056, -2.53713 | 0.213875, 0.897861 | -0.7274, 0.2931, -0.6205 
0.953257, 1.40117, -2.52216 | 0.943615, 0.571126 | 0.0938, -0.1903, -0.9772 
0.950918, 1.40972, -2.52835 | 0.9429, 0.570953 | 0.1428, -0.8011, -0.5813 
0.938264, 1.40703, -2.5303 | 0.942876, 0.570018 | 0.688, -0.5873, -0.4264 
0.941192, 1.3986, -2.52403 | 0.943593, 0.570234 | 0.5071, -0.0333, -0.8613 
0.953257, 1.41296, -2.53839 | 0.942138, 0.571126 | 0.0938, -0.9881, 0.1217 
0.941192, 1.41038, -2.54026 | 0.942116, 0.570234 | 0.507, -0.8292, 0.2351 
0.938264, 1.40703, -2.5303 | 0.071605, 0.92984 | 0.6879, -0.5873, -0.4264 
0.941192, 1.41038, -2.54026 | 0.072367, 0.930083 | 0.507, -0.8293, 0.235 
0.941192, 1.3986, -2.52403 | 0.070897, 0.930066 | 0.507, -0.0334, -0.8613 
1.12033, 1.38291, -2.56021 | 0.496621, 0.946972 | 0.6934, -0.3126, 0.6492 
1.12213, 1.35085, -2.58348 | 0.49658, 0.944043 | 0.7394, -0.407, 0.5364 
1.11893, 1.34497, -2.57536 | 0.497347, 0.944038 | 0.9999, -0.0134, -0.0097 
1.11715, 1.37524, -2.55338 | 0.497387, 0.946805 | 0.9847, 0.1409, 0.1023 
1.11869, 1.31718, -2.60793 | 0.496591, 0.940967 | 0.6943, -0.5615, 0.4501 
1.11596, 1.31314, -2.59846 | 0.497355, 0.941131 | 0.9693, -0.1991, -0.1445 
1.11869, 1.30539, -2.5917 | 0.49806, 0.940954 | 0.6943, 0.2541, -0.6733 
1.12213, 1.33906, -2.56725 | 0.49805, 0.94403 | 0.7394, 0.3839, -0.5531 
1.12033, 1.37112, -2.54398 | 0.498091, 0.94696 | 0.6934, 0.5205, -0.4983 
1.10545, 1.3988, -2.54867 | 0.2851, 0.751334 | 0.0891, 0.1482, 0.9849 
1.11445, 1.39681, -2.55011 | 0.285082, 0.752001 | 0.4086, -0.1203, 0.9047 
1.11153, 1.38838, -2.54384 | 0.284321, 0.751784 | 0.6848, 0.5897, 0.4282 
1.10311, 1.39025, -2.54248 | 0.284338, 0.751162 | 0.1163, 0.8038, 0.5834 
1.11445, 1.39681, -2.55011 | 0.496691, 0.948245 | 0.4085, -0.1203, 0.9048 
1.11153, 1.38838, -2.54384 | 0.497454, 0.948007 | 0.6848, 0.5897, 0.4281 
1.11445, 1.38503, -2.53388 | 0.49816, 0.948232 | 0.4086, 0.823, -0.3946 
1.11445, 1.38503, -2.53388 | 0.283605, 0.752001 | 0.4085, 0.823, -0.3946 
1.10545, 1.38702, -2.53244 | 0.283623, 0.751334 | 0.0891, 0.9824, -0.1641 
0.952694, 1.30539, -2.5917 | 0.593434, 0.992442 | -0.6943, 0.254, -0.6733 
0.949251, 1.33906, -2.56725 | 0.596508, 0.992661 | -0.7394, 0.3836, -0.5533 
0.940718, 1.33682, -2.56423 | 0.596493, 0.993218 | 0.0176, 0.5897, -0.8074 
0.945405, 1.29823, -2.59225 | 0.592969, 0.992914 | 0.0548, 0.5866, -0.808 
0.951016, 1.37112, -2.54398 | 0.599436, 0.992505 | -0.6941, 0.5189, -0.499 
0.942533, 1.37363, -2.53751 | 0.599854, 0.993054 | 0.0416, 0.5936, -0.8037 
0.934049, 1.38056, -2.53713 | 0.600297, 0.993722 | 0.7277, 0.2945, -0.6195 
0.932187, 1.339, -2.5673 | 0.596503, 0.993894 | 0.7542, 0.408, -0.5144 
0.938115, 1.29548, -2.5989 | 0.592529, 0.993504 | 0.7218, 0.5758, -0.384 
0.951016, 1.38291, -2.56021 | 0.976602, 0.089388 | -0.6941, -0.3137, 0.6479 
0.949251, 1.35085, -2.58348 | 0.973671, 0.089257 | -0.7394, -0.4072, 0.5361 
0.940718, 1.35303, -2.58655 | 0.973669, 0.088624 | 0.0176, -0.585, 0.8108 
0.942533, 1.38983, -2.55982 | 0.977033, 0.088758 | 0.0416, -0.5803, 0.8133 
0.952694, 1.31718, -2.60793 | 0.970594, 0.089512 | -0.6943, -0.5616, 0.45 
0.945405, 1.31443, -2.61457 | 0.970141, 0.08897 | 0.0547, -0.5866, 0.808 
0.938115, 1.30726, -2.61512 | 0.969688, 0.088434 | 0.7219, -0.1868, 0.6663 
0.932187, 1.35079, -2.58352 | 0.973666, 0.087995 | 0.7542, -0.3628, 0.5473 
0.934049, 1.39234, -2.55336 | 0.977464, 0.088133 | 0.7277, -0.4978, 0.4719 
1.08388, 1.26436, -2.62149 | 0.528877, 0.897855 | -0.1216, 0.981, -0.1511 
1.08443, 1.26715, -2.63186 | 0.529588, 0.897895 | -0.1694, 0.7975, 0.5791 
1.1179, 1.27527, -2.62596 | 0.52966, 0.90037 | -0.6009, 0.6468, 0.4696 
1.11626, 1.27219, -2.6158 | 0.528946, 0.900249 | -0.4618, 0.8648, -0.1971 
1.08388, 1.27614, -2.63772 | 0.530354, 0.897855 | -0.1216, 0.16, 0.9796 
1.11626, 1.28397, -2.63203 | 0.530423, 0.900249 | -0.4618, 0.0804, 0.8833 
1.1179, 1.27527, -2.62596 | 0.214639, 0.887727 | -0.6009, 0.6468, 0.4696 
1.11626, 1.28397, -2.63203 | 0.215386, 0.887983 | -0.4618, 0.0804, 0.8833 
1.11626, 1.27219, -2.6158 | 0.213904, 0.88799 | -0.4618, 0.8648, -0.1971 
0.963878, 1.29897, -2.62115 | 0.96893, 0.090339 | -0.4172, -0.8443, 0.3362 
0.959504, 1.29368, -2.62963 | 0.968244, 0.090013 | 0.0705, -0.5395, 0.839 
0.990422, 1.29268, -2.62571 | 0.968355, 0.092301 | -0.112, -0.9744, 0.195 
0.988963, 1.28662, -2.63476 | 0.967599, 0.092191 | 0.0055, -0.5665, 0.824 
0.987505, 1.27614, -2.63772 | 0.966843, 0.092086 | 0.1216, 0.1601, 0.9796 
0.955131, 1.28397, -2.63203 | 0.967559, 0.089692 | 0.4618, 0.0804, 0.8833 
1.12033, 1.37112, -2.54398 | 0.599436, 0.980275 | 0.6934, 0.5205, -0.4983 
1.12213, 1.33906, -2.56725 | 0.596509, 0.980173 | 0.7394, 0.384, -0.5531 
1.13066, 1.33682, -2.56423 | 0.596493, 0.979498 | -0.0178, 0.5897, -0.8074 
1.12881, 1.37363, -2.53751 | 0.599854, 0.979599 | -0.042, 0.5935, -0.8037 
1.11869, 1.30539, -2.5917 | 0.593434, 0.980452 | 0.6943, 0.254, -0.6733 
1.12598, 1.29823, -2.59225 | 0.592969, 0.97987 | -0.0547, 0.5866, -0.808 
1.13327, 1.29548, -2.5989 | 0.592529, 0.979408 | -0.7219, 0.5757, -0.3839 
1.13919, 1.339, -2.5673 | 0.596503, 0.978941 | -0.7543, 0.4077, -0.5146 
1.13728, 1.38056, -2.53713 | 0.600298, 0.979041 | -0.7274, 0.2931, -0.6205 
1.12213, 1.35085, -2.58348 | 0.973672, 0.10204 | 0.7394, -0.407, 0.5363 
1.13066, 1.35303, -2.58655 | 0.973669, 0.102669 | -0.0178, -0.585, 0.8108 
1.12033, 1.38291, -2.56021 | 0.976602, 0.101907 | 0.6934, -0.3126, 0.6492 
1.12881, 1.38983, -2.55982 | 0.977033, 0.102532 | -0.042, -0.5804, 0.8133 
1.13728, 1.39234, -2.55336 | 0.977464, 0.103161 | -0.7274, -0.4992, 0.4708 
1.13919, 1.35079, -2.58352 | 0.973666, 0.103302 | -0.7543, -0.363, 0.547 
1.10545, 1.38702, -2.53244 | 0.600887, 0.981335 | 0.0891, 0.9824, -0.1641 
1.11445, 1.38503, -2.53388 | 0.600706, 0.980687 | 0.4085, 0.823, -0.3946 
1.12225, 1.3896, -2.52591 | 0.601312, 0.980058 | -0.0681, 0.528, -0.8465 
1.11166, 1.39189, -2.52426 | 0.601521, 0.980821 | 0.0094, 0.5555, -0.8315 
1.13004, 1.3986, -2.52403 | 0.601944, 0.979548 | -0.5054, -0.0348, -0.8622 
1.11787, 1.40117, -2.52216 | 0.60218, 0.980425 | -0.0931, -0.1905, -0.9773 
0.965729, 1.3988, -2.54867 | 0.978054, 0.090475 | -0.0898, 0.1477, 0.9849 
0.956806, 1.39681, -2.55011 | 0.977873, 0.089816 | -0.4098, -0.122, 0.904 
0.948999, 1.40581, -2.54823 | 0.978493, 0.089236 | 0.0684, -0.6413, 0.7642 
0.959493, 1.40809, -2.54657 | 0.978702, 0.090012 | -0.0094, -0.6187, 0.7856 
0.941192, 1.41038, -2.54026 | 0.979113, 0.088661 | 0.5071, -0.8293, 0.235 
0.953257, 1.41296, -2.53839 | 0.979348, 0.089553 | 0.0938, -0.9881, 0.1217 
1.10751, 1.29897, -2.62115 | 0.496691, 0.939306 | 0.4172, -0.8443, 0.3363 
1.10587, 1.29589, -2.61099 | 0.497444, 0.939557 | 0.6653, -0.6042, -0.4386 
1.10751, 1.29897, -2.62115 | 0.528958, 0.922846 | 0.4172, -0.8443, 0.3362 
1.08096, 1.29268, -2.62571 | 0.528904, 0.920883 | 0.112, -0.9744, 0.195 
1.08042, 1.28989, -2.61534 | 0.529669, 0.920842 | 0.1635, -0.7983, -0.5796 
1.10587, 1.29589, -2.61099 | 0.529721, 0.922724 | 0.6653, -0.6042, -0.4386 
1.08096, 1.2809, -2.60948 | 0.530381, 0.920883 | 0.112, -0.1164, -0.9869 
1.10751, 1.28719, -2.60492 | 0.530435, 0.922846 | 0.4173, 0.0583, -0.9069 
1.10751, 1.28719, -2.60492 | 0.49816, 0.939294 | 0.4172, 0.0582, -0.9069 
0.952694, 1.31718, -2.60793 | 0.213865, 0.938466 | -0.6943, -0.5616, 0.4501 
0.949251, 1.35085, -2.58348 | 0.213862, 0.935385 | -0.7394, -0.4073, 0.5361 
0.952451, 1.34497, -2.57536 | 0.214613, 0.93539 | -0.9999, -0.0137, -0.0101 
0.955428, 1.31314, -2.59846 | 0.214615, 0.938302 | -0.9692, -0.1992, -0.1446 
0.951016, 1.38291, -2.56021 | 0.213875, 0.932459 | -0.6941, -0.3138, 0.6479 
0.954198, 1.37524, -2.55338 | 0.214625, 0.932626 | -0.9852, 0.139, 0.1008 
0.951016, 1.37112, -2.54398 | 0.215357, 0.932461 | -0.6942, 0.5189, -0.4989 
0.949251, 1.33906, -2.56725 | 0.215344, 0.935387 | -0.7394, 0.3836, -0.5533 
0.952694, 1.30539, -2.5917 | 0.215347, 0.938469 | -0.6943, 0.254, -0.6734 
0.990422, 1.29268, -2.62571 | 0.528904, 0.914187 | -0.112, -0.9744, 0.195 
0.963878, 1.29897, -2.62115 | 0.528958, 0.912225 | -0.4173, -0.8443, 0.3362 
0.965518, 1.29589, -2.61099 | 0.529721, 0.912346 | -0.6653, -0.6042, -0.4386 
0.990968, 1.28989, -2.61534 | 0.529669, 0.914228 | -0.1635, -0.7984, -0.5796 
0.963878, 1.29897, -2.62115 | 0.213896, 0.940146 | -0.4172, -0.8443, 0.3362 
0.965518, 1.29589, -2.61099 | 0.214643, 0.939893 | -0.6653, -0.6042, -0.4386 
0.963878, 1.28719, -2.60492 | 0.215378, 0.940149 | -0.4172, 0.0582, -0.9069 
0.963878, 1.28719, -2.60492 | 0.530435, 0.912225 | -0.4172, 0.0582, -0.9069 
0.990422, 1.2809, -2.60948 | 0.530381, 0.914187 | -0.112, -0.1164, -0.9869 
0.990422, 1.2809, -2.60948 | 0.591198, 0.989739 | -0.112, -0.1164, -0.9869 
0.963878, 1.28719, -2.60492 | 0.591772, 0.991651 | -0.4172, 0.0582, -0.9069 
0.959504, 1.27748, -2.60732 | 0.591074, 0.991914 | 0.0705, 0.6307, -0.7728 
0.988963, 1.27042, -2.61244 | 0.59043, 0.989792 | 0.0056, 0.608, -0.7939 
0.955131, 1.27219, -2.6158 | 0.590402, 0.992296 | 0.4618, 0.8648, -0.1971 
0.987505, 1.26436, -2.62149 | 0.589687, 0.989965 | 0.1216, 0.981, -0.1512 
1.10751, 1.28719, -2.60492 | 0.591772, 0.981276 | 0.4173, 0.0582, -0.9069 
1.11188, 1.27748, -2.60732 | 0.591074, 0.980907 | -0.0705, 0.6307, -0.7728 
1.08096, 1.2809, -2.60948 | 0.591198, 0.983199 | 0.112, -0.1163, -0.9869 
1.08242, 1.27042, -2.61244 | 0.59043, 0.983042 | -0.0055, 0.6081, -0.7939 
1.08388, 1.26436, -2.62149 | 0.589687, 0.983003 | -0.1216, 0.981, -0.1512 
1.11626, 1.27219, -2.6158 | 0.590402, 0.980657 | -0.4618, 0.8648, -0.1971 
1.03569, 1.28835, -2.61646 | 0.529656, 0.917535 | -0, -0.8092, -0.5875 
1.03569, 1.29107, -2.62688 | 0.52889, 0.917535 | 0, -0.9844, 0.1757 
1.03569, 1.27929, -2.61065 | 0.530367, 0.917535 | -0, -0.1378, -0.9905 
1.03569, 1.28483, -2.63606 | 0.967436, 0.095646 | 0, -0.5792, 0.8152 
1.03569, 1.29107, -2.62688 | 0.968208, 0.095649 | 0, -0.9844, 0.1757 
1.03569, 1.27417, -2.63915 | 0.966663, 0.095649 | -0, 0.1553, 0.9879 
1.03569, 1.26863, -2.61374 | 0.590266, 0.986419 | -0, 0.5957, -0.8032 
1.03569, 1.27929, -2.61065 | 0.591051, 0.986471 | -0, -0.1378, -0.9905 
1.03569, 1.26239, -2.62292 | 0.589507, 0.986486 | 0, 0.9874, -0.1583 
1.03569, 1.26511, -2.63333 | 0.52957, 0.894291 | 0, 0.8092, 0.5875 
1.03569, 1.27417, -2.63915 | 0.530336, 0.894292 | -0, 0.1552, 0.9879 
1.03569, 1.26239, -2.62292 | 0.52886, 0.894292 | 0, 0.9874, -0.1583 
0.987505, 1.26436, -2.62149 | 0.528877, 0.890728 | 0.1216, 0.981, -0.1512 
0.986959, 1.26715, -2.63186 | 0.529588, 0.890688 | 0.1694, 0.7976, 0.579 
0.987505, 1.27614, -2.63772 | 0.530354, 0.890728 | 0.1216, 0.1601, 0.9796 
0.95349, 1.27527, -2.62596 | 0.071612, 0.941887 | 0.6009, 0.6469, 0.4696 
0.955131, 1.27219, -2.6158 | 0.070897, 0.941623 | 0.4618, 0.8648, -0.1971 
0.955131, 1.28397, -2.63203 | 0.072367, 0.94164 | 0.4618, 0.0804, 0.8833 
0.95349, 1.27527, -2.62596 | 0.52966, 0.888213 | 0.6009, 0.6469, 0.4696 
0.955131, 1.28397, -2.63203 | 0.530423, 0.888334 | 0.4618, 0.0804, 0.8833 
0.955131, 1.27219, -2.6158 | 0.528946, 0.888334 | 0.4618, 0.8648, -0.1971 
1.11445, 1.39681, -2.55011 | 0.977873, 0.101473 | 0.4085, -0.1203, 0.9048 
1.12225, 1.40581, -2.54823 | 0.978493, 0.102047 | -0.0676, -0.6417, 0.764 
1.10545, 1.3988, -2.54867 | 0.978055, 0.100807 | 0.0891, 0.1482, 0.9849 
1.11166, 1.40809, -2.54657 | 0.978702, 0.101264 | 0.0093, -0.6186, 0.7857 
1.11787, 1.41296, -2.53839 | 0.979349, 0.101726 | -0.0931, -0.9882, 0.1215 
1.13004, 1.41038, -2.54026 | 0.979113, 0.102625 | -0.5054, -0.8306, 0.2339 
1.08605, 1.39875, -2.54897 | 0.285114, 0.749901 | -0.1215, 0.2048, 0.9712 
1.09475, 1.39879, -2.54871 | 0.285101, 0.750543 | -0.0171, 0.2036, 0.9789 
1.0934, 1.39022, -2.5425 | 0.284338, 0.750444 | -0.0184, 0.809, 0.5875 
1.08561, 1.39002, -2.54265 | 0.284336, 0.749868 | -0.127, 0.8027, 0.5827 
1.09475, 1.38698, -2.53243 | 0.283621, 0.750543 | -0.0171, 0.9938, -0.1096 
1.08605, 1.38672, -2.53239 | 0.283606, 0.749901 | -0.1215, 0.9869, -0.1061 
0.965729, 1.3988, -2.54867 | 0.285234, 0.751332 | -0.0898, 0.1476, 0.985 
0.976391, 1.39879, -2.54871 | 0.285232, 0.750544 | 0.0171, 0.2036, 0.9789 
0.97775, 1.39022, -2.5425 | 0.285996, 0.750443 | 0.0182, 0.8091, 0.5874 
0.968068, 1.39025, -2.54248 | 0.285996, 0.751159 | -0.117, 0.8037, 0.5835 
0.985078, 1.39875, -2.54897 | 0.28522, 0.749901 | 0.1215, 0.2049, 0.9712 
0.98553, 1.39002, -2.54265 | 0.285998, 0.749868 | 0.1269, 0.8027, 0.5827 
0.985078, 1.38672, -2.53239 | 0.286728, 0.749901 | 0.1214, 0.9869, -0.1059 
0.976391, 1.38698, -2.53243 | 0.286713, 0.750544 | 0.0171, 0.9938, -0.1095 
0.965729, 1.38702, -2.53244 | 0.28671, 0.751332 | -0.0898, 0.9823, -0.1646 
1.13296, 1.40703, -2.5303 | 0.214636, 0.899744 | -0.6859, -0.5889, -0.4275 
1.13004, 1.3986, -2.52403 | 0.213904, 0.899519 | -0.5054, -0.0348, -0.8622 
1.13004, 1.41038, -2.54026 | 0.215386, 0.899512 | -0.5053, -0.8306, 0.2339 
1.13296, 1.40703, -2.5303 | 0.71155, 0.221774 | -0.6859, -0.5889, -0.4275 
1.13004, 1.41038, -2.54026 | 0.71231, 0.22199 | -0.5054, -0.8306, 0.234 
1.11787, 1.41296, -2.53839 | 0.712288, 0.222889 | -0.0931, -0.9882, 0.1215 
1.12021, 1.40972, -2.52835 | 0.711527, 0.222717 | -0.1417, -0.8009, -0.5817 
1.13004, 1.3986, -2.52403 | 0.710833, 0.22199 | -0.5054, -0.0348, -0.8622 
1.11787, 1.40117, -2.52216 | 0.710811, 0.222889 | -0.0931, -0.1905, -0.9773 
0.956806, 1.39681, -2.55011 | 0.213896, 0.931197 | -0.4099, -0.1219, 0.904 
0.959733, 1.38838, -2.54384 | 0.214645, 0.931435 | -0.6876, 0.5876, 0.4266 
0.956806, 1.39681, -2.55011 | 0.285251, 0.751992 | -0.4099, -0.122, 0.9039 
0.959733, 1.38838, -2.54384 | 0.286012, 0.751775 | -0.6875, 0.5876, 0.4266 
0.956806, 1.38503, -2.53388 | 0.286728, 0.751992 | -0.4099, 0.8218, -0.3959 
0.956806, 1.38503, -2.53388 | 0.215378, 0.931199 | -0.4099, 0.8217, -0.396 
0.956806, 1.38503, -2.53388 | 0.600706, 0.992074 | -0.4098, 0.8217, -0.396 
0.948999, 1.3896, -2.52591 | 0.601312, 0.992573 | 0.0682, 0.5279, -0.8465 
0.965729, 1.38702, -2.53244 | 0.600887, 0.991428 | -0.0898, 0.9822, -0.1647 
0.959493, 1.39189, -2.52426 | 0.60152, 0.991812 | -0.0093, 0.5552, -0.8317 
0.953257, 1.40117, -2.52216 | 0.60218, 0.992316 | 0.0938, -0.1903, -0.9772 
0.941192, 1.3986, -2.52403 | 0.601944, 0.99319 | 0.5071, -0.0334, -0.8613 
1.09475, 1.39879, -2.54871 | 0.978053, 0.100016 | -0.0171, 0.2036, 0.9789 
1.09834, 1.40811, -2.5466 | 0.978702, 0.100279 | -0.0129, -0.5846, 0.8112 
1.08605, 1.39875, -2.54897 | 0.978039, 0.099373 | -0.1215, 0.2047, 0.9712 
1.08723, 1.40826, -2.54681 | 0.978702, 0.099457 | -0.0964, -0.5786, 0.8099 
1.08841, 1.41325, -2.53844 | 0.979364, 0.099547 | -0.0801, -0.9899, 0.117 
1.10194, 1.41299, -2.5384 | 0.979351, 0.100547 | -0.0105, -0.9934, 0.1142 
1.08605, 1.38672, -2.53239 | 0.600871, 0.982733 | -0.1215, 0.9869, -0.1061 
1.09475, 1.38698, -2.53243 | 0.600885, 0.982108 | -0.0171, 0.9938, -0.1096 
1.09834, 1.39187, -2.52423 | 0.60152, 0.981782 | -0.0132, 0.5903, -0.807 
1.08723, 1.39171, -2.52402 | 0.60152, 0.982581 | -0.0964, 0.5909, -0.801 
1.10194, 1.40118, -2.52212 | 0.602182, 0.981576 | -0.0105, -0.199, -0.9799 
1.08841, 1.40122, -2.52186 | 0.602195, 0.98255 | -0.0801, -0.1954, -0.9775 
0.976391, 1.38698, -2.53243 | 0.600885, 0.990657 | 0.0171, 0.9938, -0.1096 
0.97277, 1.39187, -2.52423 | 0.60152, 0.990853 | 0.013, 0.5902, -0.8071 
0.985078, 1.38672, -2.53239 | 0.60087, 0.990027 | 0.1215, 0.9869, -0.1059 
0.983874, 1.39171, -2.52402 | 0.60152, 0.990047 | 0.0964, 0.5911, -0.8008 
0.982669, 1.40122, -2.52186 | 0.602195, 0.990188 | 0.0801, -0.1952, -0.9775 
0.969148, 1.40118, -2.52212 | 0.602181, 0.991168 | 0.0105, -0.199, -0.9799 
0.985078, 1.39875, -2.54897 | 0.978039, 0.091906 | 0.1214, 0.205, 0.9712 
0.976391, 1.39879, -2.54871 | 0.978052, 0.091264 | 0.0171, 0.2036, 0.9789 
0.97277, 1.40811, -2.5466 | 0.978702, 0.090994 | 0.0131, -0.5847, 0.8111 
0.983874, 1.40826, -2.54681 | 0.978702, 0.091815 | 0.0964, -0.5784, 0.81 
0.969148, 1.41299, -2.5384 | 0.979351, 0.090728 | 0.0106, -0.9934, 0.1142 
0.982669, 1.41325, -2.53844 | 0.979364, 0.091728 | 0.08, -0.9899, 0.1171 
0.982669, 1.40122, -2.52186 | 0.943632, 0.573301 | 0.08, -0.1953, -0.9775 
0.982217, 1.40996, -2.52818 | 0.942902, 0.573268 | 0.0716, -0.8072, -0.586 
0.967791, 1.40975, -2.52833 | 0.9429, 0.572201 | 0.0094, -0.8092, -0.5874 
0.969148, 1.40118, -2.52212 | 0.943617, 0.572302 | 0.0105, -0.199, -0.9799 
0.982669, 1.41325, -2.53844 | 0.942124, 0.573301 | 0.0801, -0.9899, 0.1171 
0.969148, 1.41299, -2.5384 | 0.942136, 0.572302 | 0.0105, -0.9934, 0.1142 
0.988573, 1.40871, -2.54743 | 0.978702, 0.092161 | 0.7136, -0.4101, 0.568 
0.988735, 1.39863, -2.54975 | 0.977998, 0.092176 | 0.7578, 0.13, 0.6394 
0.988411, 1.41403, -2.53856 | 0.979406, 0.092152 | 0.6833, -0.7253, 0.0836 
0.988573, 1.40871, -2.54743 | 0.311685, 0.751972 | 0.7134, -0.4102, 0.5682 
0.988411, 1.41403, -2.53856 | 0.311994, 0.752672 | 0.6833, -0.7254, 0.0836 
0.989232, 1.41593, -2.53886 | 0.311887, 0.752773 | 0.9897, -0.1423, 0.0173 
0.989244, 1.40981, -2.54894 | 0.311542, 0.751974 | 0.9919, -0.0764, 0.1017 
0.988735, 1.39863, -2.54975 | 0.31197, 0.751264 | 0.7578, 0.13, 0.6394 
1.08235, 1.38939, -2.5431 | 0.28433, 0.749626 | -0.7471, 0.5379, 0.3905 
1.0824, 1.39863, -2.54975 | 0.285151, 0.74963 | -0.7579, 0.1288, 0.6396 
1.0824, 1.38594, -2.53227 | 0.283561, 0.74963 | -0.7579, 0.648, -0.0756 
1.08235, 1.38939, -2.5431 | 0.750547, 0.395285 | -0.7471, 0.5379, 0.3905 
1.0824, 1.38594, -2.53227 | 0.75135, 0.395036 | -0.7577, 0.6482, -0.0756 
1.08187, 1.38404, -2.53197 | 0.751447, 0.395137 | -0.9948, 0.1005, -0.0164 
1.0824, 1.39863, -2.54975 | 0.749755, 0.395007 | -0.7578, 0.1288, 0.6397 
1.08187, 1.39833, -2.55164 | 0.749651, 0.395105 | -0.9948, 0.0156, 0.1005 
0.988795, 1.3894, -2.5431 | 0.286003, 0.749626 | 0.7469, 0.538, 0.3906 
0.988735, 1.38594, -2.53227 | 0.286773, 0.749631 | 0.7578, 0.6483, -0.0744 
0.988735, 1.39863, -2.54975 | 0.285183, 0.749631 | 0.7578, 0.1301, 0.6394 
0.988795, 1.3894, -2.5431 | 0.312757, 0.750988 | 0.747, 0.538, 0.3906 
0.989261, 1.38789, -2.5442 | 0.31275, 0.75085 | 0.9945, 0.0848, 0.0615 
0.988735, 1.38594, -2.53227 | 0.313553, 0.75124 | 0.7579, 0.6482, -0.0743 
0.989257, 1.38405, -2.53197 | 0.313645, 0.751139 | 0.9948, 0.1007, -0.0151 
0.988573, 1.39126, -2.5234 | 0.601517, 0.989695 | 0.7135, 0.4131, -0.5659 
0.988411, 1.40135, -2.52108 | 0.602234, 0.989764 | 0.6833, -0.1451, -0.7156 
0.988735, 1.38594, -2.53227 | 0.600827, 0.989754 | 0.7578, 0.6483, -0.0743 
0.988573, 1.39126, -2.5234 | 0.313861, 0.75194 | 0.7134, 0.4131, -0.5661 
0.989244, 1.39017, -2.52189 | 0.313991, 0.751938 | 0.9919, 0.0731, -0.1041 
0.988411, 1.40135, -2.52108 | 0.313576, 0.752648 | 0.6833, -0.1451, -0.7156 
1.10329, 1.40975, -2.52833 | 0.711526, 0.223968 | -0.0094, -0.8092, -0.5875 
1.10194, 1.40118, -2.52212 | 0.710809, 0.224068 | -0.0105, -0.1991, -0.9799 
1.10194, 1.41299, -2.5384 | 0.71229, 0.224068 | -0.0105, -0.9934, 0.1142 
1.08841, 1.41325, -2.53844 | 0.712302, 0.225068 | -0.0801, -0.9899, 0.117 
1.08886, 1.40996, -2.52818 | 0.711524, 0.225035 | -0.0716, -0.8072, -0.586 
1.08841, 1.40122, -2.52186 | 0.710794, 0.225068 | -0.0801, -0.1953, -0.9775 
0.989232, 1.41924, -2.53939 | 0.311716, 0.752951 | 1, 0.0002, 0.0006 
0.989244, 1.41172, -2.55157 | 0.311303, 0.751978 | 1, 0.0007, 0.0005 
0.989232, 1.41924, -2.53939 | 0.311716, 0.752951 | 1, 0.0001, 0.0006 
0.989232, 1.42277, -2.53994 | 0.311534, 0.753141 | 0.9979, 0.064, -0.008 
0.989244, 1.41376, -2.55438 | 0.311049, 0.751982 | 0.9979, 0.0386, -0.0521 
0.989257, 1.3978, -2.55495 | 0.311688, 0.750993 | 1, 0.0005, -0.0001 
0.989257, 1.39725, -2.55848 | 0.3115, 0.750809 | 0.9979, -0.0113, -0.0633 
1.08188, 1.38788, -2.5442 | 0.750543, 0.395423 | -0.9945, 0.0847, 0.0614 
1.08187, 1.38074, -2.53144 | 0.751619, 0.395315 | -1, -0.0001, -0.0006 
1.08188, 1.38525, -2.54611 | 0.750539, 0.395663 | -1, 0.0001, -0 
1.08187, 1.37721, -2.53088 | 0.751802, 0.395506 | -0.9987, -0.0499, 0.0031 
1.08188, 1.38244, -2.54816 | 0.750534, 0.39592 | -0.9983, -0.0464, -0.0366 
1.08187, 1.3978, -2.55495 | 0.749473, 0.395277 | -1, -0.0004, -0.0002 
1.08187, 1.39724, -2.55848 | 0.749282, 0.39546 | -0.9979, -0.0123, -0.0635 
0.989261, 1.38525, -2.54611 | 0.312747, 0.75061 | 1, 0.0002, 0 
0.989261, 1.38525, -2.54611 | 0.312747, 0.75061 | 1, -0, 0 
0.989261, 1.38244, -2.54815 | 0.312743, 0.750353 | 0.9983, -0.0461, -0.0365 
0.989257, 1.38074, -2.53144 | 0.313816, 0.750961 | 1, 0.0001, 0.0006 
0.989257, 1.37721, -2.53088 | 0.313999, 0.750772 | 0.9988, -0.0497, 0.004 
0.989257, 1.38074, -2.53144 | 0.313816, 0.750961 | 1, 0.0001, 0.0005 
0.989244, 1.38622, -2.51644 | 0.314484, 0.751931 | 0.999, -0.0257, 0.0365 
0.989232, 1.40217, -2.51588 | 0.313844, 0.752919 | 1, 0.0006, -0.0001 
0.989232, 1.40273, -2.51235 | 0.314032, 0.753104 | 0.9988, 0.0124, 0.0483 
1.08272, 1.41058, -2.52772 | 0.711519, 0.225489 | -0.6414, -0.6208, -0.4507 
1.08267, 1.40134, -2.52108 | 0.710749, 0.225493 | -0.6832, -0.1463, -0.7154 
1.08267, 1.41403, -2.53856 | 0.712339, 0.225493 | -0.6832, -0.7255, 0.0824 
1.08272, 1.41058, -2.52772 | 0.750585, 0.393351 | -0.6413, -0.6209, -0.4508 
1.08267, 1.41403, -2.53856 | 0.749782, 0.3936 | -0.6831, -0.7256, 0.0825 
1.08185, 1.41209, -2.52663 | 0.750585, 0.393212 | -0.9851, -0.1389, -0.1009 
1.08267, 1.40134, -2.52108 | 0.751378, 0.393629 | -0.6831, -0.1463, -0.7155 
0.98835, 1.41058, -2.52772 | 0.942907, 0.573721 | 0.6415, -0.6208, -0.4507 
0.988411, 1.41403, -2.53856 | 0.942087, 0.573726 | 0.6833, -0.7253, 0.0836 
0.988411, 1.40135, -2.52108 | 0.943677, 0.573726 | 0.6833, -0.1452, -0.7156 
0.98835, 1.41058, -2.52772 | 0.312789, 0.752924 | 0.6415, -0.6208, -0.4507 
0.989227, 1.41209, -2.52663 | 0.312782, 0.753062 | 0.9852, -0.1387, -0.1007 
1.08253, 1.39126, -2.5234 | 0.601517, 0.982908 | -0.7136, 0.4116, -0.567 
1.0824, 1.38594, -2.53227 | 0.600827, 0.982989 | -0.7579, 0.648, -0.0756 
1.08267, 1.40134, -2.52108 | 0.602234, 0.982955 | -0.6832, -0.1463, -0.7154 
1.08253, 1.39126, -2.5234 | 0.751663, 0.394338 | -0.7135, 0.4116, -0.567 
1.08186, 1.39017, -2.52189 | 0.751799, 0.394339 | -0.9919, 0.0715, -0.105 
1.08253, 1.40871, -2.54743 | 0.978702, 0.099109 | -0.7136, -0.4116, 0.5669 
1.08267, 1.41403, -2.53856 | 0.979406, 0.099122 | -0.6833, -0.7255, 0.0824 
1.0824, 1.39863, -2.54975 | 0.977998, 0.099102 | -0.7579, 0.1287, 0.6395 
1.08253, 1.40871, -2.54743 | 0.749469, 0.394298 | -0.7135, -0.4116, 0.567 
1.08214, 1.38034, -2.54958 | 0.750537, 0.396108 | -0.9012, -0.3171, -0.2955 
1.08213, 1.39684, -2.56097 | 0.749149, 0.39559 | -0.8391, -0.0906, -0.5365 
1.0821, 1.37425, -2.53044 | 0.751955, 0.395666 | -0.9565, -0.2911, 0.018 
1.08403, 1.36893, -2.52983 | 0.752223, 0.395966 | -0.9229, -0.3788, 0.0688 
1.08395, 1.37871, -2.55047 | 0.750558, 0.396247 | -0.7525, -0.4644, -0.4669 
1.08213, 1.39684, -2.56097 | 0.215136, 0.299258 | -0.8391, -0.0906, -0.5364 
1.08214, 1.38034, -2.54958 | 0.215133, 0.297913 | -0.9012, -0.317, -0.2955 
1.08395, 1.37871, -2.55047 | 0.215267, 0.297908 | -0.7525, -0.4645, -0.4669 
1.08394, 1.39662, -2.56234 | 0.21527, 0.299337 | -0.4979, -0.1331, -0.857 
0.989005, 1.38035, -2.54958 | 0.312749, 0.750166 | 0.9013, -0.3169, -0.2954 
0.989028, 1.37426, -2.53043 | 0.314153, 0.750612 | 0.9566, -0.2908, 0.0187 
0.988998, 1.39685, -2.56096 | 0.311371, 0.750679 | 0.8391, -0.09, -0.5364 
0.989005, 1.38035, -2.54958 | 0.215133, 0.297874 | 0.9012, -0.317, -0.2955 
0.988998, 1.39685, -2.56096 | 0.215136, 0.296528 | 0.8391, -0.09, -0.5364 
0.987187, 1.39664, -2.56234 | 0.21527, 0.296449 | 0.4978, -0.1328, -0.8571 
0.98719, 1.37872, -2.55046 | 0.215267, 0.297879 | 0.7526, -0.4643, -0.4669 
0.98719, 1.37872, -2.55046 | 0.312783, 0.75003 | 0.7526, -0.4643, -0.4669 
0.987101, 1.36894, -2.52982 | 0.314433, 0.750317 | 0.9232, -0.378, 0.0696 
0.98907, 1.38469, -2.51433 | 0.314677, 0.751928 | 0.9637, -0.1564, 0.2165 
0.989003, 1.40322, -2.5094 | 0.31419, 0.753259 | 0.9565, 0.0731, 0.2823 
0.98793, 1.38336, -2.51251 | 0.314853, 0.751926 | 0.8798, -0.2787, 0.385 
0.987073, 1.40429, -2.50416 | 0.314479, 0.753547 | 0.9229, 0.0519, 0.3814 
1.08185, 1.42276, -2.53995 | 0.749326, 0.393129 | -0.9979, 0.0638, -0.0089 
1.08186, 1.41376, -2.55439 | 0.748832, 0.394286 | -0.9979, 0.0375, -0.0528 
1.08212, 1.41519, -2.55637 | 0.748652, 0.394284 | -0.8297, 0.3275, -0.452 
1.08211, 1.42525, -2.54035 | 0.749198, 0.392995 | -0.8391, 0.538, -0.0806 
1.08212, 1.41519, -2.55637 | 0.215068, 0.438542 | -0.8296, 0.3276, -0.4521 
1.08213, 1.39684, -2.56097 | 0.21518, 0.437223 | -0.8391, -0.0906, -0.5363 
1.08394, 1.39662, -2.56234 | 0.215295, 0.437155 | -0.498, -0.1332, -0.8569 
1.08393, 1.41599, -2.55747 | 0.215178, 0.438548 | -0.4382, 0.5279, -0.7276 
1.08211, 1.42525, -2.54035 | 0.21518, 0.439816 | -0.8391, 0.538, -0.0806 
1.08392, 1.42662, -2.54057 | 0.215295, 0.439893 | -0.4978, 0.856, -0.1392 
1.08185, 1.41472, -2.52472 | 0.750589, 0.392971 | -1, 0, 0 
1.08185, 1.41923, -2.53939 | 0.749509, 0.393319 | -1, 0, -0.0005 
1.08185, 1.41753, -2.52268 | 0.750594, 0.392715 | -0.9983, 0.049, 0.0326 
1.08185, 1.40217, -2.51588 | 0.751656, 0.393358 | -1, -0.0006, 0.0002 
1.08185, 1.40273, -2.51235 | 0.751846, 0.393174 | -0.9988, 0.0115, 0.0484 
0.989227, 1.41209, -2.52663 | 0.312782, 0.753062 | 0.9852, -0.1386, -0.1006 
0.989227, 1.41472, -2.52472 | 0.312786, 0.753302 | 1, -0, 0 
0.989227, 1.41754, -2.52267 | 0.312789, 0.753559 | 0.9983, 0.0491, 0.0327 
1.08186, 1.38825, -2.51926 | 0.75204, 0.394344 | -1, -0.0007, -0.0005 
1.08185, 1.40217, -2.51588 | 0.751656, 0.393358 | -1, -0.0007, 0 
1.08186, 1.38621, -2.51645 | 0.752296, 0.394349 | -0.999, -0.0268, 0.0358 
1.08187, 1.3978, -2.55495 | 0.749473, 0.395277 | -1, -0.0007, 0 
1.08401, 1.40428, -2.50416 | 0.752284, 0.392736 | -0.9232, 0.0509, 0.381 
1.08607, 1.41118, -2.50192 | 0.752133, 0.392227 | -0.8132, -0.5727, -0.1032 
1.0874, 1.40777, -2.49372 | 0.752779, 0.392088 | -0.4039, -0.7377, 0.541 
1.08686, 1.4001, -2.49878 | 0.752795, 0.392766 | -0.6204, -0.3818, 0.6851 
1.08607, 1.41118, -2.50192 | 0.869392, 0.566708 | -0.8132, -0.5727, -0.1032 
1.0728, 1.412, -2.50167 | 0.869377, 0.565727 | -0.0289, -0.903, -0.4288 
1.07322, 1.40885, -2.49302 | 0.870047, 0.565758 | -0.0297, -0.9864, 0.1617 
1.0874, 1.40777, -2.49372 | 0.870043, 0.566806 | -0.4038, -0.7377, 0.5411 
1.0874, 1.40777, -2.49372 | 0.646923, 0.986962 | -0.404, -0.7376, 0.541 
1.07322, 1.40885, -2.49302 | 0.646828, 0.988011 | -0.0297, -0.9864, 0.1618 
1.07394, 1.41161, -2.48945 | 0.646508, 0.987957 | -0.0107, -0.7526, 0.6584 
1.08959, 1.41038, -2.49034 | 0.64662, 0.986799 | -0.0964, -0.6774, 0.7293 
1.08686, 1.4001, -2.49878 | 0.647602, 0.987002 | -0.6204, -0.3818, 0.6851 
1.09056, 1.40179, -2.49658 | 0.647406, 0.986728 | -0.1777, -0.5807, 0.7945 
0.987187, 1.39664, -2.56234 | 0.215265, 0.440006 | 0.4978, -0.1328, -0.8571 
0.987175, 1.416, -2.55746 | 0.215147, 0.4414 | 0.4382, 0.5283, -0.7272 
0.985483, 1.4163, -2.55787 | 0.215017, 0.4414 | 0.9356, -0.207, 0.286 
0.985495, 1.39655, -2.56286 | 0.215136, 0.439979 | 0.9315, 0.0633, 0.3581 
0.987163, 1.42663, -2.54056 | 0.215265, 0.442745 | 0.4979, 0.856, -0.1388 
0.98547, 1.42715, -2.54064 | 0.215137, 0.442772 | 0.9316, -0.3598, 0.0511 
0.985483, 1.4163, -2.55787 | 0.701242, 0.226502 | 0.9356, -0.2069, 0.286 
0.98547, 1.42715, -2.54064 | 0.699844, 0.226498 | 0.9315, -0.36, 0.0513 
0.99846, 1.42722, -2.54065 | 0.69984, 0.225538 | 0.0044, -0.9866, 0.1628 
0.998472, 1.41634, -2.55793 | 0.701242, 0.225542 | 0.0028, -0.5875, 0.8092 
0.985495, 1.39655, -2.56286 | 0.702641, 0.226496 | 0.9316, 0.0634, 0.358 
0.998484, 1.39654, -2.56293 | 0.702645, 0.225536 | 0.0046, 0.1507, 0.9886 
1.08569, 1.37793, -2.55133 | 0.215395, 0.297933 | -0.8683, 0.308, 0.3888 
1.08564, 1.39654, -2.56286 | 0.215395, 0.299367 | -0.9316, 0.0627, 0.358 
1.08611, 1.36467, -2.5357 | 0.752053, 0.396476 | -0.8134, 0.2752, 0.5125 
1.08569, 1.37793, -2.55133 | 0.750544, 0.396333 | -0.8683, 0.3081, 0.3888 
1.08569, 1.37793, -2.55133 | 0.864076, 0.559265 | -0.8684, 0.3079, 0.3886 
1.08611, 1.36467, -2.5357 | 0.865592, 0.559234 | -0.8134, 0.2752, 0.5125 
1.07284, 1.36418, -2.5364 | 0.865577, 0.560215 | -0.0287, 0.6873, 0.7258 
1.07267, 1.37781, -2.55151 | 0.864072, 0.560227 | -0.0127, 0.6416, 0.7669 
1.08564, 1.39654, -2.56286 | 0.862525, 0.559268 | -0.9315, 0.0628, 0.3582 
1.07265, 1.39653, -2.56294 | 0.862521, 0.560229 | -0.0044, 0.1508, 0.9886 
0.988986, 1.4152, -2.55637 | 0.310872, 0.751985 | 0.8297, 0.3283, -0.4515 
0.988973, 1.42526, -2.54034 | 0.311408, 0.753275 | 0.8391, 0.538, -0.08 
0.988986, 1.4152, -2.55637 | 0.215299, 0.441396 | 0.8296, 0.3283, -0.4515 
0.988973, 1.42526, -2.54034 | 0.215411, 0.44267 | 0.8392, 0.5379, -0.0799 
0.988998, 1.39685, -2.56096 | 0.215411, 0.440077 | 0.839, -0.09, -0.5366 
1.0821, 1.41953, -2.52113 | 0.750604, 0.392528 | -0.9013, 0.3791, 0.2098 
1.08208, 1.40321, -2.50941 | 0.752005, 0.39302 | -0.9566, 0.0723, 0.2822 
1.0821, 1.41953, -2.52113 | 0.215133, 0.30085 | -0.9013, 0.3791, 0.2098 
1.08211, 1.42525, -2.54035 | 0.215136, 0.299505 | -0.8391, 0.5379, -0.0806 
1.08392, 1.42662, -2.54057 | 0.21527, 0.299426 | -0.4978, 0.856, -0.1392 
1.08392, 1.42088, -2.51986 | 0.215267, 0.300854 | -0.7526, 0.5878, 0.2969 
1.08392, 1.42088, -2.51986 | 0.75063, 0.392395 | -0.7526, 0.5878, 0.2969 
0.988971, 1.41954, -2.52112 | 0.3128, 0.753747 | 0.9012, 0.3791, 0.2099 
0.987156, 1.42088, -2.51985 | 0.312838, 0.753883 | 0.7524, 0.5879, 0.297 
0.988973, 1.42526, -2.54034 | 0.215136, 0.302233 | 0.8392, 0.5379, -0.0801 
0.988971, 1.41954, -2.52112 | 0.215133, 0.300888 | 0.9012, 0.3792, 0.2099 
0.987156, 1.42088, -2.51985 | 0.215267, 0.300884 | 0.7524, 0.5879, 0.2971 
0.987163, 1.42663, -2.54056 | 0.21527, 0.302312 | 0.498, 0.856, -0.1388 
1.08204, 1.38468, -2.51433 | 0.75249, 0.394352 | -0.9637, -0.1574, 0.2158 
1.08318, 1.38335, -2.51251 | 0.752659, 0.394357 | -0.8799, -0.2797, 0.3842 
1.08582, 1.38234, -2.51112 | 0.752795, 0.394363 | -0.5486, -0.4916, 0.6763 
1.08689, 1.36511, -2.52419 | 0.752734, 0.395962 | -0.6204, -0.5338, 0.5746 
1.08582, 1.38234, -2.51112 | 0.649201, 0.987078 | -0.5485, -0.4916, 0.6763 
1.09002, 1.38214, -2.51085 | 0.649201, 0.986768 | -0.1062, -0.5844, 0.8045 
1.08689, 1.36511, -2.52419 | 0.650801, 0.987 | -0.6204, -0.5338, 0.5746 
1.09059, 1.3625, -2.52511 | 0.650997, 0.986726 | -0.178, -0.5759, 0.7979 
1.09664, 1.38202, -2.51067 | 0.649201, 0.986278 | -0.1503, -0.581, 0.7999 
1.09621, 1.35857, -2.52721 | 0.651323, 0.98631 | -0.2117, -0.4743, 0.8545 
1.09618, 1.405, -2.49349 | 0.647079, 0.986312 | -0.2117, -0.6661, 0.7152 
1.10712, 1.4082, -2.48459 | 0.646501, 0.985499 | -0.2737, -0.8949, 0.3525 
1.10926, 1.38143, -2.50986 | 0.649201, 0.985344 | -0.1747, -0.5787, 0.7966 
1.10716, 1.34909, -2.5275 | 0.651904, 0.985497 | -0.2734, -0.0602, 0.96 
0.998484, 1.39654, -2.56293 | 0.86252, 0.565713 | 0.0045, 0.1507, 0.9886 
0.998467, 1.37782, -2.55151 | 0.864071, 0.565714 | 0.0129, 0.6418, 0.7668 
0.985453, 1.37794, -2.55132 | 0.864075, 0.566677 | 0.8683, 0.3081, 0.3886 
0.985495, 1.39655, -2.56286 | 0.862524, 0.566674 | 0.9315, 0.0634, 0.3581 
0.998305, 1.36418, -2.53639 | 0.865577, 0.565727 | 0.0289, 0.6873, 0.7258 
0.985036, 1.36468, -2.53569 | 0.865591, 0.566708 | 0.8132, 0.2755, 0.5126 
0.985453, 1.37794, -2.55132 | 0.312782, 0.749947 | 0.8683, 0.3082, 0.3887 
0.985036, 1.36468, -2.53569 | 0.314282, 0.74981 | 0.8132, 0.2755, 0.5126 
0.985495, 1.39655, -2.56286 | 0.215395, 0.29642 | 0.9316, 0.0633, 0.3579 
0.985453, 1.37794, -2.55132 | 0.215395, 0.297854 | 0.8683, 0.3082, 0.3887 
0.985286, 1.38235, -2.51111 | 0.315006, 0.751924 | 0.5485, -0.4908, 0.6769 
0.984221, 1.40012, -2.49878 | 0.315006, 0.753524 | 0.6204, -0.381, 0.6855 
0.984247, 1.36512, -2.52418 | 0.314961, 0.750327 | 0.6203, -0.5331, 0.5753 
0.985286, 1.38235, -2.51111 | 0.649201, 0.994512 | 0.5486, -0.4908, 0.6769 
0.984247, 1.36512, -2.52418 | 0.6508, 0.99459 | 0.6203, -0.5332, 0.5753 
0.980545, 1.3625, -2.5251 | 0.650997, 0.994863 | 0.1777, -0.5755, 0.7982 
0.981087, 1.38215, -2.51084 | 0.649201, 0.994823 | 0.1062, -0.584, 0.8048 
0.984221, 1.40012, -2.49878 | 0.647602, 0.994591 | 0.6204, -0.381, 0.6856 
0.980518, 1.4018, -2.49658 | 0.647405, 0.994865 | 0.1781, -0.5803, 0.7947 
1.10712, 1.4082, -2.48459 | 0.996058, 0.205779 | -0.2736, -0.8949, 0.3525 
1.11037, 1.40609, -2.46189 | 0.997583, 0.206019 | -0.1681, -0.9279, -0.3328 
1.1302, 1.40382, -2.46314 | 0.997588, 0.207486 | -0.3649, -0.8934, -0.2622 
1.12948, 1.40294, -2.48498 | 0.99623, 0.207432 | -0.3018, -0.8838, 0.3575 
1.11073, 1.39307, -2.44172 | 0.999358, 0.206046 | -0.075, -0.8364, -0.543 
1.13044, 1.3914, -2.44292 | 0.999343, 0.207503 | -0.375, -0.7888, -0.4869 
1.14906, 1.3797, -2.45142 | 0.999242, 0.20888 | -0.8427, -0.468, -0.2661 
1.14827, 1.39223, -2.47098 | 0.997524, 0.208821 | -0.8076, -0.5823, -0.093 
1.14445, 1.39491, -2.48627 | 0.996449, 0.208539 | -0.6449, -0.6853, 0.3382 
0.963984, 1.34909, -2.5275 | 0.995701, 0.318948 | 0.273, -0.0599, 0.9602 
0.975352, 1.34012, -2.53145 | 0.995921, 0.318108 | 0.2201, 0.3775, 0.8995 
0.97398, 1.32726, -2.51889 | 0.997248, 0.318209 | 0.1043, 0.7056, 0.7009 
0.960741, 1.32807, -2.51853 | 0.997228, 0.319188 | 0.1678, 0.6002, 0.782 
0.995374, 1.33911, -2.53189 | 0.995947, 0.316627 | 0.0215, 0.5351, 0.8445 
0.995024, 1.32706, -2.51896 | 0.997254, 0.316653 | 0.0086, 0.7621, 0.6474 
0.994974, 1.31283, -2.49997 | 0.999003, 0.316657 | 0.0024, 0.7989, 0.6014 
0.973788, 1.31283, -2.49997 | 0.999003, 0.318224 | 0.0186, 0.7906, 0.6121 
0.960372, 1.31282, -2.49997 | 0.999003, 0.319216 | 0.075, 0.772, 0.6312 
0.940905, 1.32997, -2.51676 | 0.997233, 0.320655 | 0.3645, 0.5228, 0.7706 
0.941624, 1.35108, -2.52263 | 0.995873, 0.320602 | 0.3012, -0.068, 0.9511 
0.940671, 1.31449, -2.49876 | 0.998989, 0.320673 | 0.3745, 0.7044, 0.603 
0.922052, 1.32619, -2.49027 | 0.998885, 0.322049 | 0.842, 0.3969, 0.3653 
0.922839, 1.34101, -2.50817 | 0.997167, 0.321991 | 0.8072, 0.2669, 0.5264 
0.926654, 1.35478, -2.51541 | 0.996091, 0.321709 | 0.6445, -0.1105, 0.7566 
0.981516, 1.35391, -2.53134 | 0.651782, 0.994791 | 0.0963, -0.4837, 0.8699 
0.978471, 1.34873, -2.5339 | 0.652203, 0.995015 | 0.1876, -0.1505, 0.9706 
0.974927, 1.35857, -2.5272 | 0.651323, 0.995278 | 0.2115, -0.4739, 0.8548 
0.997164, 1.35268, -2.53223 | 0.651894, 0.993634 | 0.0106, -0.3931, 0.9194 
0.996199, 1.34738, -2.5348 | 0.652323, 0.993704 | 0.0178, -0.0596, 0.9981 
0.978471, 1.34873, -2.5339 | 0.995364, 0.317877 | 0.1876, -0.1505, 0.9707 
0.996199, 1.34738, -2.5348 | 0.99538, 0.316566 | 0.0177, -0.0596, 0.9981 
0.975352, 1.34012, -2.53145 | 0.652613, 0.995241 | 0.2201, 0.3775, 0.8995 
0.963984, 1.34909, -2.5275 | 0.651904, 0.996083 | 0.273, -0.0599, 0.9602 
0.974467, 1.38202, -2.51066 | 0.649201, 0.995312 | 0.1502, -0.5807, 0.8001 
0.974898, 1.40501, -2.4935 | 0.647079, 0.99528 | 0.212, -0.6658, 0.7154 
0.961845, 1.38143, -2.50986 | 0.649202, 0.996245 | 0.1748, -0.5783, 0.7969 
0.963948, 1.4082, -2.48459 | 0.646502, 0.996086 | 0.274, -0.8947, 0.3527 
1.09575, 1.41473, -2.47729 | 0.996277, 0.204938 | -0.2207, -0.9718, -0.0837 
1.09713, 1.40669, -2.46122 | 0.997603, 0.20504 | -0.1044, -0.8827, -0.4583 
1.07573, 1.41545, -2.47647 | 0.996303, 0.203458 | -0.0216, -0.9676, -0.2515 
1.07608, 1.40681, -2.46106 | 0.997609, 0.203484 | -0.0086, -0.8488, -0.5287 
1.07613, 1.39307, -2.44172 | 0.999358, 0.203488 | -0.0025, -0.8162, -0.5778 
1.09732, 1.39306, -2.44172 | 0.999358, 0.205054 | -0.0186, -0.8238, -0.5665 
0.997123, 1.41162, -2.48945 | 0.646508, 0.993637 | 0.0104, -0.7527, 0.6583 
0.981477, 1.4104, -2.49035 | 0.64662, 0.994794 | 0.0965, -0.6773, 0.7293 
0.978429, 1.41443, -2.48622 | 0.646199, 0.995019 | 0.188, -0.8769, 0.4423 
0.996156, 1.4157, -2.48522 | 0.646079, 0.993708 | 0.0176, -0.9313, 0.3638 
0.975308, 1.41473, -2.4773 | 0.645794, 0.995245 | 0.2208, -0.9717, -0.0838 
0.996156, 1.4157, -2.48522 | 0.995737, 0.197573 | 0.0176, -0.9313, 0.3639 
0.978429, 1.41443, -2.48622 | 0.995721, 0.196262 | 0.188, -0.8769, 0.4424 
0.975308, 1.41473, -2.4773 | 0.996277, 0.196032 | 0.2208, -0.9717, -0.0838 
0.995329, 1.41545, -2.47647 | 0.996303, 0.197512 | 0.0214, -0.9676, -0.2516 
0.973932, 1.4067, -2.46123 | 0.997603, 0.19593 | 0.1047, -0.8826, -0.4583 
0.963948, 1.4082, -2.48459 | 0.996058, 0.195192 | 0.274, -0.8947, 0.3527 
0.960693, 1.4061, -2.4619 | 0.997583, 0.194951 | 0.1685, -0.9278, -0.3327 
0.960321, 1.39307, -2.44173 | 0.999358, 0.194924 | 0.0755, -0.8363, -0.543 
0.973738, 1.39307, -2.44173 | 0.999358, 0.195916 | 0.0187, -0.8238, -0.5666 
1.07578, 1.33912, -2.53189 | 0.995947, 0.310682 | -0.0214, 0.5352, 0.8444 
1.0958, 1.34013, -2.53147 | 0.995921, 0.309201 | -0.2203, 0.3775, 0.8994 
1.09717, 1.32726, -2.5189 | 0.997248, 0.309099 | -0.1044, 0.7056, 0.7009 
1.10716, 1.34909, -2.5275 | 0.995701, 0.308361 | -0.2734, -0.0602, 0.96 
1.11041, 1.32808, -2.51854 | 0.997228, 0.30812 | -0.1682, 0.6001, 0.782 
1.11079, 1.31283, -2.49998 | 0.999003, 0.308093 | -0.0754, 0.772, 0.6311 
1.09737, 1.31283, -2.49998 | 0.999003, 0.309085 | -0.0187, 0.7906, 0.612 
1.07618, 1.31283, -2.49998 | 0.999003, 0.310652 | -0.0023, 0.7989, 0.6014 
0.998268, 1.41202, -2.50167 | 0.869377, 0.560215 | 0.0287, -0.903, -0.4288 
0.984999, 1.4112, -2.50192 | 0.869392, 0.559234 | 0.8134, -0.5725, -0.1029 
0.983668, 1.40778, -2.49372 | 0.870043, 0.559135 | 0.404, -0.7373, 0.5414 
0.997846, 1.40886, -2.49302 | 0.870047, 0.560184 | 0.0294, -0.9864, 0.1617 
0.984999, 1.4112, -2.50192 | 0.314343, 0.75406 | 0.8134, -0.5725, -0.1029 
0.983668, 1.40778, -2.49372 | 0.314992, 0.754203 | 0.404, -0.7373, 0.5414 
0.983668, 1.40778, -2.49372 | 0.646922, 0.994633 | 0.4041, -0.7373, 0.5414 
0.997846, 1.40886, -2.49302 | 0.646828, 0.993584 | 0.0294, -0.9864, 0.1617 
1.07398, 1.35268, -2.53224 | 0.651895, 0.987953 | -0.0104, -0.3928, 0.9195 
1.08963, 1.35391, -2.53135 | 0.651783, 0.986797 | -0.0964, -0.4838, 0.8699 
1.09268, 1.34873, -2.53391 | 0.652204, 0.986571 | -0.1877, -0.1505, 0.9706 
1.07495, 1.34739, -2.53481 | 0.652323, 0.987881 | -0.0176, -0.0593, 0.9981 
1.0958, 1.34013, -2.53147 | 0.652613, 0.986335 | -0.2203, 0.3775, 0.8994 
1.07495, 1.34739, -2.53481 | 0.99538, 0.310743 | -0.0176, -0.0594, 0.9981 
1.09268, 1.34873, -2.53391 | 0.995364, 0.309432 | -0.1877, -0.1504, 0.9706 
1.08744, 1.35792, -2.52992 | 0.866243, 0.559135 | -0.404, -0.2864, 0.8688 
1.07326, 1.35693, -2.53072 | 0.866247, 0.560184 | -0.0294, 0.1518, 0.988 
1.08744, 1.35792, -2.52992 | 0.752693, 0.396641 | -0.404, -0.2864, 0.8688 
1.08744, 1.35792, -2.52992 | 0.65148, 0.986959 | -0.4041, -0.2864, 0.8687 
1.07326, 1.35693, -2.53072 | 0.651574, 0.988008 | -0.0294, 0.1517, 0.988 
1.09264, 1.41442, -2.48621 | 0.6462, 0.986574 | -0.1878, -0.8769, 0.4424 
1.07491, 1.41569, -2.48521 | 0.64608, 0.987885 | -0.0178, -0.9312, 0.364 
1.09264, 1.41442, -2.48621 | 0.995721, 0.204708 | -0.1879, -0.8769, 0.4424 
1.07491, 1.41569, -2.48521 | 0.995737, 0.203397 | -0.0178, -0.9312, 0.364 
1.09575, 1.41473, -2.47729 | 0.645794, 0.986338 | -0.2207, -0.9717, -0.0838 
0.983705, 1.35793, -2.5299 | 0.314927, 0.749648 | 0.4039, -0.286, 0.869 
0.997885, 1.35693, -2.53071 | 0.866247, 0.565758 | 0.0297, 0.1516, 0.988 
0.983705, 1.35793, -2.5299 | 0.866243, 0.566806 | 0.4038, -0.2861, 0.869 
0.983705, 1.35793, -2.5299 | 0.651479, 0.99463 | 0.4039, -0.286, 0.869 
0.997885, 1.35693, -2.53071 | 0.651574, 0.993581 | 0.0297, 0.1517, 0.988 
1.07262, 1.42722, -2.54066 | 0.866321, 0.565713 | -0.0046, -0.9866, 0.1629 
1.07264, 1.42215, -2.51932 | 0.867871, 0.565714 | -0.0129, -0.9278, -0.3728 
1.08565, 1.42193, -2.51938 | 0.867875, 0.566677 | -0.8683, -0.4649, -0.1726 
1.08561, 1.42714, -2.54065 | 0.866325, 0.566674 | -0.9316, -0.3601, 0.0506 
1.08565, 1.42193, -2.51938 | 0.750619, 0.392314 | -0.8684, -0.4649, -0.1726 
1.08561, 1.42714, -2.54065 | 0.215395, 0.299396 | -0.9316, -0.3599, 0.0506 
1.08565, 1.42193, -2.51938 | 0.215395, 0.300829 | -0.8684, -0.4648, -0.1726 
1.07265, 1.39653, -2.56294 | 0.702645, 0.220052 | -0.0044, 0.1508, 0.9886 
1.07264, 1.41633, -2.55794 | 0.701242, 0.220058 | -0.0028, -0.5874, 0.8093 
1.08562, 1.41629, -2.55788 | 0.701242, 0.219098 | -0.9356, -0.2078, 0.2854 
1.08564, 1.39654, -2.56286 | 0.702641, 0.219092 | -0.9315, 0.0627, 0.3582 
1.07262, 1.42722, -2.54066 | 0.69984, 0.220054 | -0.0046, -0.9866, 0.1629 
1.08561, 1.42714, -2.54065 | 0.699844, 0.219094 | -0.9316, -0.36, 0.0506 
1.08562, 1.41629, -2.55788 | 0.215292, 0.438551 | -0.9356, -0.2078, 0.2854 
1.08561, 1.42714, -2.54065 | 0.215412, 0.439923 | -0.9316, -0.36, 0.0507 
1.08564, 1.39654, -2.56286 | 0.215412, 0.437129 | -0.9315, 0.0627, 0.3584 
1.03553, 1.4157, -2.48521 | 0.646079, 0.990796 | -0.0001, -0.9326, 0.3609 
1.03553, 1.41162, -2.48945 | 0.646508, 0.990797 | -0.0001, -0.7566, 0.6538 
1.03553, 1.41545, -2.47647 | 0.996303, 0.200485 | -0.0001, -0.9639, -0.2662 
1.03553, 1.4157, -2.48521 | 0.995737, 0.200485 | -0.0001, -0.9326, 0.3609 
1.03553, 1.40682, -2.46106 | 0.997609, 0.200485 | -0, -0.8449, -0.5349 
1.03553, 1.39307, -2.44172 | 0.999358, 0.200485 | -0, -0.8151, -0.5793 
1.03558, 1.32706, -2.51896 | 0.997254, 0.313654 | 0, 0.7669, 0.6417 
1.03558, 1.33911, -2.53189 | 0.995947, 0.313654 | 0.0001, 0.548, 0.8365 
1.03553, 1.40885, -2.49302 | 0.870047, 0.562971 | -0.0001, -0.9881, 0.1537 
1.03553, 1.41201, -2.50167 | 0.869377, 0.562971 | -0.0001, -0.9065, -0.4222 
1.03553, 1.40885, -2.49302 | 0.646828, 0.990798 | -0.0001, -0.9881, 0.1538 
1.03558, 1.34738, -2.53481 | 0.652323, 0.990793 | 0.0001, -0.0562, 0.9984 
1.03557, 1.35268, -2.53224 | 0.651895, 0.990794 | 0.0001, -0.3875, 0.9219 
1.03558, 1.34738, -2.53481 | 0.99538, 0.313654 | 0.0001, -0.0562, 0.9984 
1.03557, 1.35693, -2.53071 | 0.866247, 0.562971 | 0.0001, 0.1598, 0.9871 
1.03557, 1.36418, -2.5364 | 0.865577, 0.562971 | 0.0001, 0.6822, 0.7312 
1.03557, 1.35693, -2.53071 | 0.651574, 0.990795 | 0.0001, 0.1598, 0.9871 
1.03557, 1.37782, -2.55151 | 0.864071, 0.562971 | 0.0001, 0.6383, 0.7698 
1.03557, 1.39653, -2.56293 | 0.862521, 0.562971 | 0, 0.1499, 0.9887 
1.03555, 1.41634, -2.55794 | 0.701242, 0.2228 | 0, -0.5875, 0.8092 
1.03554, 1.42722, -2.54066 | 0.69984, 0.222796 | -0, -0.9865, 0.1637 
1.03557, 1.39653, -2.56293 | 0.702645, 0.222794 | 0.0001, 0.1499, 0.9887 
1.03554, 1.42216, -2.51932 | 0.867871, 0.562971 | -0.0001, -0.9296, -0.3685 
1.03554, 1.42722, -2.54066 | 0.866322, 0.562971 | -0.0001, -0.9865, 0.1637 
0.99846, 1.42722, -2.54065 | 0.866322, 0.560229 | 0.0044, -0.9867, 0.1628 
0.998431, 1.42216, -2.51932 | 0.867872, 0.560227 | 0.0127, -0.9279, -0.3726 
0.985418, 1.42195, -2.51937 | 0.215395, 0.300909 | 0.8685, -0.4648, -0.1724 
0.98547, 1.42715, -2.54064 | 0.215395, 0.302341 | 0.9316, -0.3599, 0.0513 
0.985418, 1.42195, -2.51937 | 0.312839, 0.753967 | 0.8685, -0.4648, -0.1724 
0.985418, 1.42195, -2.51937 | 0.867876, 0.559265 | 0.8684, -0.4649, -0.1724 
0.98547, 1.42715, -2.54064 | 0.866326, 0.559268 | 0.9315, -0.36, 0.0512 
1.14448, 1.3548, -2.5154 | 0.296141, 0.753892 | -0.6448, -0.1112, 0.7562 
1.1475, 1.37646, -2.50303 | 0.295965, 0.752062 | -0.6922, -0.4245, 0.5837 
1.15492, 1.36679, -2.48979 | 0.2972, 0.752086 | -0.9769, -0.1261, 0.1726 
1.1483, 1.34104, -2.50816 | 0.297179, 0.754415 | -0.8077, 0.2663, 0.5261 
1.14445, 1.39491, -2.48627 | 0.296173, 0.750227 | -0.6449, -0.6853, 0.3383 
1.14827, 1.39223, -2.47098 | 0.297219, 0.749737 | -0.8076, -0.5823, -0.093 
1.14906, 1.3797, -2.45142 | 0.298937, 0.749652 | -0.8427, -0.468, -0.2662 
1.15598, 1.35296, -2.47084 | 0.298937, 0.752105 | -0.999, -0.0268, 0.037 
1.14909, 1.32622, -2.49026 | 0.298894, 0.754539 | -0.8426, 0.3962, 0.3648 
0.926626, 1.3949, -2.48629 | 0.299217, 0.754014 | 0.6452, -0.6848, 0.3388 
0.923611, 1.37644, -2.50304 | 0.298997, 0.752188 | 0.6922, -0.4238, 0.5842 
0.916188, 1.36677, -2.4898 | 0.300272, 0.75215 | 0.9769, -0.1252, 0.1732 
0.922804, 1.39222, -2.471 | 0.300292, 0.754487 | 0.8081, -0.5817, -0.0926 
0.926654, 1.35478, -2.51541 | 0.299112, 0.750349 | 0.6445, -0.1105, 0.7566 
0.922839, 1.34101, -2.50817 | 0.300157, 0.749811 | 0.8072, 0.2669, 0.5264 
0.922052, 1.32619, -2.49027 | 0.301861, 0.749652 | 0.842, 0.3969, 0.3653 
0.915121, 1.35294, -2.47086 | 0.302001, 0.752095 | 0.999, -0.0263, 0.0374 
0.922014, 1.37969, -2.45144 | 0.302001, 0.754538 | 0.8432, -0.4673, -0.2657 
1.12991, 1.38045, -2.5085 | 0.649201, 0.983816 | -0.2279, -0.5723, 0.7878 
1.12952, 1.35109, -2.52263 | 0.651572, 0.983841 | -0.3015, -0.0683, 0.951 
1.12948, 1.40294, -2.48498 | 0.646833, 0.983844 | -0.3018, -0.8838, 0.3575 
1.14445, 1.39491, -2.48627 | 0.64737, 0.982735 | -0.6449, -0.6853, 0.3382 
1.1475, 1.37646, -2.50303 | 0.649203, 0.982511 | -0.6922, -0.4245, 0.5837 
1.14448, 1.3548, -2.5154 | 0.651037, 0.982733 | -0.6448, -0.1112, 0.7562 
0.940856, 1.40381, -2.46316 | 0.997589, 0.193484 | 0.3654, -0.8932, -0.262 
0.940619, 1.39139, -2.44294 | 0.999343, 0.193467 | 0.3755, -0.7886, -0.4869 
0.941591, 1.40293, -2.48499 | 0.996231, 0.193538 | 0.3021, -0.8836, 0.3578 
0.926626, 1.3949, -2.48629 | 0.99645, 0.192432 | 0.6452, -0.6848, 0.3387 
0.922804, 1.39222, -2.471 | 0.997525, 0.192149 | 0.8081, -0.5817, -0.0926 
0.922014, 1.37969, -2.45144 | 0.999242, 0.192091 | 0.8432, -0.4673, -0.2657 
1.13025, 1.32999, -2.51676 | 0.997233, 0.306654 | -0.365, 0.5226, 0.7705 
1.13049, 1.31451, -2.49876 | 0.998989, 0.306636 | -0.3751, 0.7042, 0.6029 
1.12952, 1.35109, -2.52263 | 0.995873, 0.306708 | -0.3015, -0.0683, 0.951 
1.14448, 1.3548, -2.5154 | 0.996092, 0.305601 | -0.6448, -0.1112, 0.7562 
1.1483, 1.34104, -2.50816 | 0.997168, 0.305319 | -0.8077, 0.2663, 0.526 
1.14909, 1.32622, -2.49026 | 0.998886, 0.30526 | -0.8426, 0.3962, 0.3648 
0.941196, 1.38044, -2.50851 | 0.649203, 0.99777 | 0.2278, -0.5719, 0.788 
0.941591, 1.40293, -2.48499 | 0.646835, 0.997738 | 0.3021, -0.8835, 0.3579 
0.941624, 1.35108, -2.52263 | 0.651574, 0.997735 | 0.3012, -0.068, 0.9511 
0.926654, 1.35478, -2.51541 | 0.651039, 0.99884 | 0.6445, -0.1105, 0.7566 
0.923611, 1.37644, -2.50304 | 0.649205, 0.999066 | 0.6922, -0.4238, 0.5842 
0.926626, 1.3949, -2.48629 | 0.647372, 0.998842 | 0.6452, -0.6848, 0.3388 
Indices:
0, 1, 2, 0, 3, 4, 5, 6, 7, 8, 9, 10, 11, 12, 13, 14, 15, 16, 17, 18, 19, 20, 21, 22, 20, 23, 24, 25, 26, 27, 25, 28, 29, 26, 30, 31, 32, 33, 34, 35, 36, 37, 38, 39, 40, 38, 41, 42, 43, 44, 45, 15, 46, 47, 46, 48, 49, 36, 50, 51, 52, 53, 54, 55, 56, 57, 58, 59, 60, 61, 62, 63, 64, 65, 66, 64, 66, 67, 65, 68, 69, 65, 69, 66, 66, 69, 70, 66, 70, 71, 67, 66, 71, 67, 71, 72, 73, 74, 75, 73, 75, 76, 74, 77, 78, 74, 78, 75, 75, 78, 79, 75, 79, 80, 76, 75, 80, 76, 80, 81, 82, 83, 84, 82, 84, 85, 83, 86, 87, 83, 87, 84, 84, 87, 88, 84, 88, 89, 85, 84, 89, 85, 89, 90, 91, 92, 93, 91, 93, 94, 92, 95, 96, 92, 96, 93, 97, 98, 68, 97, 68, 65, 99, 97, 65, 99, 65, 64, 100, 101, 102, 100, 102, 103, 101, 104, 105, 101, 105, 102, 102, 105, 106, 102, 106, 107, 103, 102, 107, 103, 107, 108, 109, 110, 111, 109, 111, 112, 113, 100, 103, 113, 103, 114, 114, 103, 108, 114, 108, 115, 112, 111, 116, 112, 116, 117, 118, 119, 120, 118, 120, 121, 119, 122, 123, 119, 123, 120, 120, 123, 124, 120, 124, 125, 121, 120, 125, 121, 125, 126, 127, 128, 129, 127, 129, 130, 128, 131, 132, 128, 132, 129, 129, 132, 133, 129, 133, 134, 130, 129, 134, 130, 134, 135, 136, 137, 138, 136, 138, 139, 137, 140, 141, 137, 141, 138, 142, 143, 86, 142, 86, 83, 144, 142, 83, 144, 83, 82, 131, 145, 146, 131, 146, 132, 145, 147, 148, 145, 148, 146, 146, 148, 149, 146, 149, 150, 132, 146, 150, 132, 150, 133, 151, 152, 153, 151, 153, 154, 152, 155, 156, 152, 156, 153, 153, 156, 157, 153, 157, 158, 154, 153, 158, 154, 158, 159, 77, 160, 161, 77, 161, 78, 160, 162, 163, 160, 163, 161, 161, 163, 164, 161, 164, 165, 78, 161, 165, 78, 165, 79, 166, 167, 168, 166, 168, 169, 167, 151, 154, 167, 154, 168, 168, 154, 159, 168, 159, 170, 169, 168, 170, 169, 170, 171, 172, 173, 174, 172, 174, 175, 173, 127, 130, 173, 130, 174, 174, 130, 135, 174, 135, 176, 175, 174, 176, 175, 176, 177, 104, 178, 179, 104, 179, 105, 180, 181, 182, 180, 182, 183, 183, 182, 184, 183, 184, 185, 105, 179, 186, 105, 186, 106, 187, 188, 189, 187, 189, 190, 188, 191, 192, 188, 192, 189, 189, 192, 193, 189, 193, 194, 190, 189, 194, 190, 194, 195, 196, 197, 198, 196, 198, 199, 200, 187, 190, 200, 190, 201, 201, 190, 195, 201, 195, 202, 199, 198, 203, 199, 203, 204, 205, 206, 207, 205, 207, 208, 206, 118, 121, 206, 121, 207, 207, 121, 126, 207, 126, 209, 208, 207, 209, 208, 209, 210, 155, 211, 212, 155, 212, 156, 211, 213, 214, 211, 214, 212, 212, 214, 215, 212, 215, 216, 156, 212, 216, 156, 216, 157, 196, 199, 217, 196, 217, 218, 199, 204, 219, 199, 219, 217, 217, 219, 184, 217, 184, 182, 218, 217, 182, 218, 182, 181, 73, 76, 220, 73, 220, 221, 76, 81, 222, 76, 222, 220, 220, 222, 149, 220, 149, 148, 221, 220, 148, 221, 148, 147, 205, 208, 223, 205, 223, 224, 208, 210, 225, 208, 225, 223, 223, 225, 215, 223, 215, 214, 224, 223, 214, 224, 214, 213, 140, 137, 226, 140, 226, 227, 137, 136, 228, 137, 228, 226, 226, 228, 229, 226, 229, 230, 227, 226, 230, 227, 230, 231, 72, 71, 232, 72, 232, 233, 71, 70, 234, 71, 234, 232, 235, 236, 231, 235, 231, 230, 237, 235, 230, 237, 230, 229, 162, 238, 239, 162, 239, 163, 238, 240, 241, 238, 241, 239, 239, 241, 242, 239, 242, 243, 163, 239, 243, 163, 243, 164, 244, 245, 246, 244, 246, 247, 245, 109, 112, 245, 112, 246, 246, 112, 117, 246, 117, 248, 247, 246, 248, 247, 248, 249, 250, 251, 252, 250, 252, 253, 251, 254, 255, 251, 255, 252, 252, 255, 256, 252, 256, 257, 253, 252, 257, 253, 257, 258, 90, 89, 259, 90, 259, 260, 89, 88, 261, 89, 261, 259, 262, 263, 264, 262, 264, 265, 266, 262, 265, 266, 265, 267, 191, 268, 269, 191, 269, 192, 270, 250, 253, 270, 253, 271, 271, 253, 258, 271, 258, 272, 192, 269, 273, 192, 273, 193, 122, 274, 275, 122, 275, 123, 274, 276, 277, 274, 277, 275, 275, 277, 278, 275, 278, 279, 123, 275, 279, 123, 279, 124, 240, 280, 281, 240, 281, 241, 280, 282, 283, 280, 283, 281, 281, 283, 284, 281, 284, 285, 241, 281, 285, 241, 285, 242, 286, 287, 288, 286, 288, 289, 287, 166, 169, 287, 169, 288, 288, 169, 171, 288, 171, 290, 289, 288, 290, 289, 290, 291, 276, 292, 293, 276, 293, 277, 292, 294, 295, 292, 295, 293, 293, 295, 296, 293, 296, 297, 277, 293, 297, 277, 297, 278, 298, 299, 300, 298, 300, 301, 299, 172, 175, 299, 175, 300, 300, 175, 177, 300, 177, 302, 301, 300, 302, 301, 302, 303, 304, 305, 306, 304, 306, 307, 305, 308, 309, 305, 309, 306, 306, 309, 95, 306, 95, 92, 307, 306, 92, 307, 92, 91, 298, 301, 310, 298, 310, 311, 301, 303, 312, 301, 312, 310, 313, 314, 315, 313, 315, 316, 317, 313, 316, 317, 316, 0, 244, 247, 318, 244, 318, 319, 247, 249, 320, 247, 320, 318, 321, 322, 323, 321, 323, 14, 324, 321, 14, 324, 14, 325, 256, 255, 326, 256, 326, 327, 255, 254, 328, 255, 328, 326, 329, 317, 0, 329, 0, 330, 331, 329, 330, 331, 330, 332, 296, 295, 333, 296, 333, 334, 295, 294, 335, 295, 335, 333, 336, 331, 332, 336, 332, 337, 338, 336, 337, 338, 337, 25, 267, 265, 339, 267, 339, 340, 265, 264, 341, 265, 341, 339, 339, 341, 342, 339, 342, 343, 340, 339, 343, 340, 343, 344, 316, 315, 345, 346, 347, 348, 346, 348, 349, 350, 346, 349, 350, 349, 351, 352, 353, 354, 354, 353, 355, 354, 355, 356, 357, 354, 356, 357, 356, 358, 332, 330, 359, 360, 350, 351, 360, 351, 361, 362, 360, 361, 362, 361, 363, 337, 332, 364, 27, 362, 363, 27, 363, 365, 366, 27, 365, 366, 365, 367, 344, 343, 368, 344, 368, 369, 343, 342, 370, 343, 370, 368, 371, 372, 52, 371, 52, 373, 374, 371, 373, 374, 373, 32, 308, 305, 375, 308, 375, 376, 305, 304, 377, 305, 377, 375, 378, 338, 25, 378, 25, 379, 314, 378, 379, 314, 379, 315, 286, 289, 380, 286, 380, 381, 289, 291, 382, 289, 382, 380, 383, 374, 32, 383, 32, 384, 322, 383, 384, 322, 384, 323, 284, 283, 385, 284, 385, 386, 283, 282, 387, 283, 387, 385, 388, 324, 325, 388, 325, 55, 372, 388, 55, 372, 55, 52, 358, 356, 389, 358, 389, 390, 356, 355, 391, 356, 391, 389, 389, 391, 392, 389, 392, 393, 394, 395, 396, 394, 396, 397, 363, 361, 398, 363, 398, 399, 361, 351, 400, 361, 400, 398, 401, 402, 403, 401, 403, 404, 399, 398, 405, 399, 405, 406, 367, 365, 407, 367, 407, 408, 365, 363, 399, 365, 399, 407, 407, 399, 406, 407, 406, 409, 408, 407, 409, 408, 409, 410, 411, 412, 413, 411, 413, 414, 412, 358, 390, 412, 390, 413, 415, 416, 417, 415, 417, 418, 419, 415, 418, 419, 418, 420, 32, 373, 421, 373, 422, 421, 421, 422, 411, 421, 411, 423, 424, 421, 423, 424, 423, 425, 426, 366, 427, 427, 366, 367, 427, 367, 428, 347, 427, 428, 347, 428, 348, 15, 429, 353, 384, 32, 430, 429, 424, 425, 429, 425, 431, 353, 429, 431, 353, 431, 355, 55, 325, 432, 51, 357, 358, 51, 358, 412, 422, 51, 412, 422, 412, 411, 433, 434, 435, 433, 435, 436, 437, 438, 439, 437, 439, 440, 441, 442, 443, 441, 443, 444, 445, 441, 444, 445, 444, 446, 447, 448, 449, 447, 449, 450, 448, 451, 452, 448, 452, 449, 453, 454, 455, 453, 455, 456, 457, 453, 456, 457, 456, 458, 397, 396, 459, 397, 459, 460, 393, 392, 461, 393, 461, 462, 463, 464, 465, 463, 465, 466, 467, 463, 466, 467, 466, 468, 351, 349, 469, 351, 469, 400, 349, 348, 470, 349, 470, 469, 471, 472, 451, 471, 451, 448, 473, 471, 448, 473, 448, 447, 425, 423, 474, 425, 474, 475, 423, 411, 414, 423, 414, 474, 476, 477, 478, 476, 478, 479, 475, 474, 480, 475, 480, 433, 348, 428, 481, 348, 481, 470, 428, 367, 408, 428, 408, 481, 481, 408, 410, 481, 410, 482, 483, 484, 485, 483, 485, 486, 355, 431, 487, 355, 487, 391, 431, 425, 475, 431, 475, 487, 487, 475, 433, 487, 433, 488, 391, 487, 488, 391, 488, 392, 392, 488, 489, 392, 489, 490, 488, 433, 436, 488, 436, 489, 491, 445, 446, 491, 446, 492, 493, 491, 492, 493, 492, 494, 494, 492, 495, 494, 495, 496, 492, 446, 497, 492, 497, 495, 495, 497, 498, 495, 498, 499, 496, 495, 499, 496, 499, 500, 501, 502, 503, 501, 503, 504, 502, 505, 506, 502, 506, 503, 507, 508, 406, 507, 406, 405, 509, 510, 404, 509, 404, 403, 410, 409, 511, 410, 511, 512, 409, 406, 513, 409, 513, 511, 514, 515, 516, 514, 516, 517, 518, 514, 517, 518, 517, 519, 520, 521, 522, 520, 522, 523, 521, 524, 525, 521, 525, 522, 522, 525, 526, 522, 526, 527, 523, 522, 527, 523, 527, 528, 529, 530, 531, 529, 531, 532, 530, 533, 534, 530, 534, 531, 531, 534, 535, 531, 535, 536, 532, 531, 536, 532, 536, 537, 529, 532, 538, 529, 538, 539, 532, 537, 540, 532, 540, 538, 538, 540, 541, 538, 541, 542, 539, 538, 542, 539, 542, 543, 516, 544, 545, 516, 545, 546, 544, 547, 548, 544, 548, 545, 549, 550, 533, 549, 533, 530, 546, 545, 551, 546, 551, 552, 519, 517, 553, 519, 553, 554, 517, 516, 546, 517, 546, 553, 553, 546, 552, 553, 552, 555, 554, 553, 555, 554, 555, 556, 520, 557, 558, 520, 558, 521, 557, 559, 560, 557, 560, 558, 558, 560, 561, 558, 561, 562, 521, 558, 562, 521, 562, 524, 563, 564, 565, 563, 565, 566, 564, 519, 554, 564, 554, 565, 565, 554, 556, 565, 556, 567, 568, 569, 570, 568, 570, 571, 571, 570, 572, 571, 572, 58, 570, 573, 574, 570, 574, 572, 572, 574, 575, 572, 575, 576, 58, 572, 576, 58, 576, 59, 577, 578, 579, 577, 579, 61, 578, 580, 581, 578, 581, 579, 579, 581, 582, 579, 582, 583, 61, 579, 583, 61, 583, 584, 585, 586, 587, 585, 587, 588, 589, 410, 512, 589, 512, 590, 591, 518, 519, 591, 519, 564, 592, 591, 564, 592, 564, 563, 593, 594, 595, 593, 595, 596, 594, 494, 496, 594, 496, 595, 595, 496, 500, 595, 500, 597, 598, 599, 578, 598, 578, 577, 465, 464, 600, 465, 600, 601, 461, 392, 490, 461, 490, 602, 603, 493, 494, 603, 494, 594, 604, 603, 594, 604, 594, 593, 446, 444, 605, 446, 605, 497, 444, 443, 606, 444, 606, 605, 607, 608, 559, 607, 559, 557, 497, 605, 609, 497, 609, 498, 406, 508, 610, 406, 610, 513, 506, 505, 611, 506, 611, 612, 613, 614, 547, 613, 547, 544, 515, 613, 544, 515, 544, 516, 615, 616, 617, 615, 617, 618, 616, 438, 437, 616, 437, 617, 619, 434, 433, 619, 433, 480, 620, 621, 479, 620, 479, 478, 622, 623, 624, 622, 624, 625, 623, 626, 627, 623, 627, 624, 628, 629, 420, 628, 420, 418, 630, 628, 418, 630, 418, 417, 563, 566, 631, 563, 631, 632, 568, 571, 633, 568, 633, 634, 634, 633, 559, 634, 559, 608, 632, 631, 606, 632, 606, 443, 571, 58, 635, 571, 635, 633, 58, 636, 635, 635, 636, 561, 635, 561, 560, 633, 635, 560, 633, 560, 559, 577, 61, 637, 577, 637, 638, 61, 63, 637, 637, 63, 535, 637, 535, 534, 638, 637, 534, 638, 534, 533, 585, 588, 639, 585, 639, 640, 592, 563, 632, 592, 632, 641, 641, 632, 443, 641, 443, 442, 640, 639, 439, 640, 439, 438, 593, 596, 642, 593, 642, 643, 598, 577, 638, 598, 638, 644, 644, 638, 533, 644, 533, 550, 643, 642, 548, 643, 548, 547, 465, 601, 645, 465, 645, 646, 604, 593, 643, 604, 643, 647, 647, 643, 547, 647, 547, 614, 646, 645, 611, 646, 611, 505, 505, 502, 648, 505, 648, 646, 502, 501, 649, 502, 649, 648, 648, 649, 468, 648, 468, 466, 646, 648, 466, 646, 466, 465, 626, 623, 650, 626, 650, 651, 623, 622, 652, 623, 652, 650, 650, 652, 458, 650, 458, 456, 651, 650, 456, 651, 456, 455, 438, 616, 653, 438, 653, 640, 616, 615, 654, 616, 654, 653, 653, 654, 655, 653, 655, 656, 640, 653, 656, 640, 656, 585, 486, 485, 657, 486, 657, 658, 482, 410, 589, 482, 589, 659, 660, 586, 585, 660, 585, 656, 661, 660, 656, 661, 656, 655, 662, 663, 664, 662, 664, 665, 663, 666, 667, 663, 667, 664, 664, 667, 668, 664, 668, 669, 665, 664, 669, 665, 669, 670, 671, 672, 673, 671, 673, 674, 672, 675, 676, 672, 676, 673, 673, 676, 677, 673, 677, 678, 674, 673, 678, 674, 678, 679, 500, 499, 680, 500, 680, 681, 499, 498, 682, 499, 682, 680, 680, 682, 683, 680, 683, 684, 681, 680, 684, 681, 684, 685, 575, 574, 686, 575, 686, 687, 574, 573, 688, 574, 688, 686, 686, 688, 689, 686, 689, 690, 687, 686, 690, 687, 690, 691, 582, 581, 692, 582, 692, 693, 581, 580, 694, 581, 694, 692, 692, 694, 695, 692, 695, 696, 693, 692, 696, 693, 696, 697, 556, 555, 698, 556, 698, 699, 555, 552, 700, 555, 700, 698, 698, 700, 701, 698, 701, 702, 699, 698, 702, 699, 702, 703, 
Number of vertices: 704
Number of indices: 2376
