  RealXEngine.cpp
  main.cpp
D:\GameEngine_RealX\GameEngine_RealX\GameEngine_RealX\Physics\PhysicsEngine.h(158,1): warning C4305: '=': truncation from 'double' to 'physx::PxReal' (compiling source file main.cpp)
D:\GameEngine_RealX\GameEngine_RealX\GameEngine_RealX\Physics\PhysicsEngine.h(156,26): warning C4930: 'physx::PxCookingParams params(physx::PxTolerancesScale (__cdecl *)(void))': prototyped function not called (was a variable definition intended?) (compiling source file main.cpp)
D:\GameEngine_RealX\GameEngine_RealX\GameEngine_RealX\Physics\PhysicsEngine.h(158,1): warning C4305: '=': truncation from 'double' to 'physx::PxReal' (compiling source file RealX\RealXEngine.cpp)
D:\GameEngine_RealX\GameEngine_RealX\GameEngine_RealX\Physics\PhysicsEngine.h(156,26): warning C4930: 'physx::PxCookingParams params(physx::PxTolerancesScale (__cdecl *)(void))': prototyped function not called (was a variable definition intended?) (compiling source file RealX\RealXEngine.cpp)
D:\GameEngine_RealX\GameEngine_RealX\GameEngine_RealX\Core\DirectionalLightSystem.h(16,1): warning C4267: 'initializing': conversion from 'size_t' to 'int', possible loss of data (compiling source file main.cpp)
D:\GameEngine_RealX\GameEngine_RealX\GameEngine_RealX\Core\PointLightSystem.h(16,1): warning C4267: 'initializing': conversion from 'size_t' to 'int', possible loss of data (compiling source file main.cpp)
D:\GameEngine_RealX\GameEngine_RealX\GameEngine_RealX\Core\SpotLightSystem.h(16,1): warning C4267: 'initializing': conversion from 'size_t' to 'int', possible loss of data (compiling source file main.cpp)
D:\GameEngine_RealX\GameEngine_RealX\GameEngine_RealX\Core\PhysicsDynamicBox3DSystem.h(59,26): warning C4244: '=': conversion from 'double' to 'float', possible loss of data (compiling source file main.cpp)
D:\GameEngine_RealX\GameEngine_RealX\GameEngine_RealX\Core\PhysicsDynamicBox3DSystem.h(64,30): warning C4244: '=': conversion from 'double' to 'float', possible loss of data (compiling source file main.cpp)
D:\GameEngine_RealX\GameEngine_RealX\GameEngine_RealX\Core\PhysicsDynamicBox3DSystem.h(66,26): warning C4244: '=': conversion from 'double' to 'float', possible loss of data (compiling source file main.cpp)
D:\GameEngine_RealX\GameEngine_RealX\GameEngine_RealX\Core\PhysicsDynamicBox3DSystem.h(71,26): warning C4244: '=': conversion from 'double' to 'float', possible loss of data (compiling source file main.cpp)
D:\GameEngine_RealX\GameEngine_RealX\GameEngine_RealX\Core\PhysicsDynamicSphere3DSystem.h(58,26): warning C4244: '=': conversion from 'double' to 'float', possible loss of data (compiling source file main.cpp)
D:\GameEngine_RealX\GameEngine_RealX\GameEngine_RealX\Core\PhysicsDynamicSphere3DSystem.h(63,30): warning C4244: '=': conversion from 'double' to 'float', possible loss of data (compiling source file main.cpp)
D:\GameEngine_RealX\GameEngine_RealX\GameEngine_RealX\Core\PhysicsDynamicSphere3DSystem.h(65,26): warning C4244: '=': conversion from 'double' to 'float', possible loss of data (compiling source file main.cpp)
D:\GameEngine_RealX\GameEngine_RealX\GameEngine_RealX\Core\PhysicsDynamicSphere3DSystem.h(70,26): warning C4244: '=': conversion from 'double' to 'float', possible loss of data (compiling source file main.cpp)
D:\GameEngine_RealX\GameEngine_RealX\GameEngine_RealX\Core\PhysicsDynamicCapsule3DSystem.h(59,26): warning C4244: '=': conversion from 'double' to 'float', possible loss of data (compiling source file main.cpp)
D:\GameEngine_RealX\GameEngine_RealX\GameEngine_RealX\Core\PhysicsDynamicCapsule3DSystem.h(64,30): warning C4244: '=': conversion from 'double' to 'float', possible loss of data (compiling source file main.cpp)
D:\GameEngine_RealX\GameEngine_RealX\GameEngine_RealX\Core\PhysicsDynamicCapsule3DSystem.h(66,26): warning C4244: '=': conversion from 'double' to 'float', possible loss of data (compiling source file main.cpp)
D:\GameEngine_RealX\GameEngine_RealX\GameEngine_RealX\Core\PhysicsDynamicCapsule3DSystem.h(71,26): warning C4244: '=': conversion from 'double' to 'float', possible loss of data (compiling source file main.cpp)
D:\GameEngine_RealX\GameEngine_RealX\GameEngine_RealX\Core\PhysicsDynamicMesh3DSystem.h(61,26): warning C4244: '=': conversion from 'double' to 'float', possible loss of data (compiling source file main.cpp)
D:\GameEngine_RealX\GameEngine_RealX\GameEngine_RealX\Core\PhysicsDynamicMesh3DSystem.h(66,30): warning C4244: '=': conversion from 'double' to 'float', possible loss of data (compiling source file main.cpp)
D:\GameEngine_RealX\GameEngine_RealX\GameEngine_RealX\Core\PhysicsDynamicMesh3DSystem.h(68,26): warning C4244: '=': conversion from 'double' to 'float', possible loss of data (compiling source file main.cpp)
D:\GameEngine_RealX\GameEngine_RealX\GameEngine_RealX\Core\PhysicsDynamicMesh3DSystem.h(73,26): warning C4244: '=': conversion from 'double' to 'float', possible loss of data (compiling source file main.cpp)
D:\GameEngine_RealX\GameEngine_RealX\GameEngine_RealX\Core\DirectionalLightSystem.h(16,1): warning C4267: 'initializing': conversion from 'size_t' to 'int', possible loss of data (compiling source file RealX\RealXEngine.cpp)
D:\GameEngine_RealX\GameEngine_RealX\GameEngine_RealX\Core\PointLightSystem.h(16,1): warning C4267: 'initializing': conversion from 'size_t' to 'int', possible loss of data (compiling source file RealX\RealXEngine.cpp)
D:\GameEngine_RealX\GameEngine_RealX\GameEngine_RealX\Core\SpotLightSystem.h(16,1): warning C4267: 'initializing': conversion from 'size_t' to 'int', possible loss of data (compiling source file RealX\RealXEngine.cpp)
D:\GameEngine_RealX\GameEngine_RealX\GameEngine_RealX\Core\PhysicsDynamicBox3DSystem.h(59,26): warning C4244: '=': conversion from 'double' to 'float', possible loss of data (compiling source file RealX\RealXEngine.cpp)
D:\GameEngine_RealX\GameEngine_RealX\GameEngine_RealX\Core\PhysicsDynamicBox3DSystem.h(64,30): warning C4244: '=': conversion from 'double' to 'float', possible loss of data (compiling source file RealX\RealXEngine.cpp)
D:\GameEngine_RealX\GameEngine_RealX\GameEngine_RealX\Core\PhysicsDynamicBox3DSystem.h(66,26): warning C4244: '=': conversion from 'double' to 'float', possible loss of data (compiling source file RealX\RealXEngine.cpp)
D:\GameEngine_RealX\GameEngine_RealX\GameEngine_RealX\Core\PhysicsDynamicBox3DSystem.h(71,26): warning C4244: '=': conversion from 'double' to 'float', possible loss of data (compiling source file RealX\RealXEngine.cpp)
D:\GameEngine_RealX\GameEngine_RealX\GameEngine_RealX\Core\PhysicsDynamicSphere3DSystem.h(58,26): warning C4244: '=': conversion from 'double' to 'float', possible loss of data (compiling source file RealX\RealXEngine.cpp)
D:\GameEngine_RealX\GameEngine_RealX\GameEngine_RealX\Core\PhysicsDynamicSphere3DSystem.h(63,30): warning C4244: '=': conversion from 'double' to 'float', possible loss of data (compiling source file RealX\RealXEngine.cpp)
D:\GameEngine_RealX\GameEngine_RealX\GameEngine_RealX\Core\PhysicsDynamicSphere3DSystem.h(65,26): warning C4244: '=': conversion from 'double' to 'float', possible loss of data (compiling source file RealX\RealXEngine.cpp)
D:\GameEngine_RealX\GameEngine_RealX\GameEngine_RealX\Core\PhysicsDynamicSphere3DSystem.h(70,26): warning C4244: '=': conversion from 'double' to 'float', possible loss of data (compiling source file RealX\RealXEngine.cpp)
D:\GameEngine_RealX\GameEngine_RealX\GameEngine_RealX\Core\PhysicsDynamicCapsule3DSystem.h(59,26): warning C4244: '=': conversion from 'double' to 'float', possible loss of data (compiling source file RealX\RealXEngine.cpp)
D:\GameEngine_RealX\GameEngine_RealX\GameEngine_RealX\Core\PhysicsDynamicCapsule3DSystem.h(64,30): warning C4244: '=': conversion from 'double' to 'float', possible loss of data (compiling source file RealX\RealXEngine.cpp)
D:\GameEngine_RealX\GameEngine_RealX\GameEngine_RealX\Core\PhysicsDynamicCapsule3DSystem.h(66,26): warning C4244: '=': conversion from 'double' to 'float', possible loss of data (compiling source file RealX\RealXEngine.cpp)
D:\GameEngine_RealX\GameEngine_RealX\GameEngine_RealX\Core\PhysicsDynamicCapsule3DSystem.h(71,26): warning C4244: '=': conversion from 'double' to 'float', possible loss of data (compiling source file RealX\RealXEngine.cpp)
D:\GameEngine_RealX\GameEngine_RealX\GameEngine_RealX\Core\PhysicsDynamicMesh3DSystem.h(61,26): warning C4244: '=': conversion from 'double' to 'float', possible loss of data (compiling source file RealX\RealXEngine.cpp)
D:\GameEngine_RealX\GameEngine_RealX\GameEngine_RealX\Core\PhysicsDynamicMesh3DSystem.h(66,30): warning C4244: '=': conversion from 'double' to 'float', possible loss of data (compiling source file RealX\RealXEngine.cpp)
D:\GameEngine_RealX\GameEngine_RealX\GameEngine_RealX\Core\PhysicsDynamicMesh3DSystem.h(68,26): warning C4244: '=': conversion from 'double' to 'float', possible loss of data (compiling source file RealX\RealXEngine.cpp)
D:\GameEngine_RealX\GameEngine_RealX\GameEngine_RealX\Core\PhysicsDynamicMesh3DSystem.h(73,26): warning C4244: '=': conversion from 'double' to 'float', possible loss of data (compiling source file RealX\RealXEngine.cpp)
D:\GameEngine_RealX\GameEngine_RealX\GameEngine_RealX\RealX\RealXEngine.h(1019,1): warning C4312: 'type cast': conversion from 'GLuint' to 'ImTextureID' of greater size (compiling source file main.cpp)
D:\GameEngine_RealX\GameEngine_RealX\GameEngine_RealX\RealX\RealXEngine.h(1019,1): warning C4312: 'type cast': conversion from 'GLuint' to 'ImTextureID' of greater size (compiling source file RealX\RealXEngine.cpp)
D:\GameEngine_RealX\GameEngine_RealX\GameEngine_RealX\Core\CameraSystem.h(33): warning C4715: 'CameraSystem::getMainCameraFromEntitiesWithCameraComponent': not all control paths return a value
  GameEngine_RealX.vcxproj -> D:\GameEngine_RealX\GameEngine_RealX\x64\Debug\GameEngine_RealX.exe
